{"meta": {"format": 3, "version": "7.15.2", "timestamp": "2026-07-21T15:22:34.625070", "branch_coverage": false, "show_contexts": false}, "files": {"src/migration_factory/__init__.py": {"executed_lines": [10, 18, 26], "summary": {"covered_lines": 3, "num_statements": 3, "percent_covered": 100.0, "percent_covered_display": "100", "missing_lines": 0, "excluded_lines": 0, "percent_statements_covered": 100.0, "percent_statements_covered_display": "100"}, "missing_lines": [], "excluded_lines": [], "functions": {"": {"executed_lines": [10, 18, 26], "summary": {"covered_lines": 3, "num_statements": 3, "percent_covered": 100.0, "percent_covered_display": "100", "missing_lines": 0, "excluded_lines": 0, "percent_statements_covered": 100.0, "percent_statements_covered_display": "100"}, "missing_lines": [], "excluded_lines": [], "start_line": 1}}, "classes": {"": {"executed_lines": [10, 18, 26], "summary": {"covered_lines": 3, "num_statements": 3, "percent_covered": 100.0, "percent_covered_display": "100", "missing_lines": 0, "excluded_lines": 0, "percent_statements_covered": 100.0, "percent_statements_covered_display": "100"}, "missing_lines": [], "excluded_lines": [], "start_line": 1}}}, "src/migration_factory/ai/__init__.py": {"executed_lines": [], "summary": {"covered_lines": 0, "num_statements": 0, "percent_covered": 100.0, "percent_covered_display": "100", "missing_lines": 0, "excluded_lines": 0, "percent_statements_covered": 100.0, "percent_statements_covered_display": "100"}, "missing_lines": [], "excluded_lines": [], "functions": {"": {"executed_lines": [], "summary": {"covered_lines": 0, "num_statements": 0, "percent_covered": 100.0, "percent_covered_display": "100", "missing_lines": 0, "excluded_lines": 0, "percent_statements_covered": 100.0, "percent_statements_covered_display": "100"}, "missing_lines": [], "excluded_lines": [], "start_line": 1}}, "classes": {"": {"executed_lines": [], "summary": {"covered_lines": 0, "num_statements": 0, "percent_covered": 100.0, "percent_covered_display": "100", "missing_lines": 0, "excluded_lines": 0, "percent_statements_covered": 100.0, "percent_statements_covered_display": "100"}, "missing_lines": [], "excluded_lines": [], "start_line": 1}}}, "src/migration_factory/ai/chat.py": {"executed_lines": [8, 10, 12, 14, 15, 16, 17, 18, 19, 20, 21, 22, 24, 32, 33, 34, 35, 38, 39, 40, 41, 42, 43, 46, 47, 50, 51, 53, 60, 61, 62, 64, 66, 68, 69, 70, 71, 72, 73, 81, 89, 90, 91, 92, 101, 102, 104, 105, 107, 141, 142, 143, 144, 145, 146, 149, 150, 151, 152, 153, 154, 155, 158, 159, 162, 164, 166, 167, 170, 171, 179, 180, 181, 182, 195, 196, 197, 198, 206, 207, 208, 209, 210, 211, 212, 218, 231, 232, 233, 234, 235, 236, 237, 238, 245, 257, 258, 260], "summary": {"covered_lines": 98, "num_statements": 138, "percent_covered": 71.01449275362319, "percent_covered_display": "71", "missing_lines": 40, "excluded_lines": 0, "percent_statements_covered": 71.01449275362319, "percent_statements_covered_display": "71"}, "missing_lines": [74, 75, 78, 80, 82, 83, 86, 88, 93, 94, 97, 99, 109, 110, 112, 113, 114, 115, 116, 117, 119, 120, 121, 122, 123, 124, 125, 126, 127, 128, 129, 130, 132, 133, 187, 188, 223, 224, 250, 251], "excluded_lines": [], "functions": {"AIChatInterface.load_context": {"executed_lines": [60, 61, 62], "summary": {"covered_lines": 3, "num_statements": 3, "percent_covered": 100.0, "percent_covered_display": "100", "missing_lines": 0, "excluded_lines": 0, "percent_statements_covered": 100.0, "percent_statements_covered_display": "100"}, "missing_lines": [], "excluded_lines": [], "start_line": 53}, "AIChatInterface.ask": {"executed_lines": [66, 68, 69, 70, 71, 72, 73, 81, 89, 90, 91, 92, 101, 102, 104, 105], "summary": {"covered_lines": 16, "num_statements": 28, "percent_covered": 57.142857142857146, "percent_covered_display": "57", "missing_lines": 12, "excluded_lines": 0, "percent_statements_covered": 57.142857142857146, "percent_statements_covered_display": "57"}, "missing_lines": [74, 75, 78, 80, 82, 83, 86, 88, 93, 94, 97, 99], "excluded_lines": [], "start_line": 64}, "AIChatInterface.run_repl": {"executed_lines": [], "summary": {"covered_lines": 0, "num_statements": 22, "percent_covered": 0.0, "percent_covered_display": "0", "missing_lines": 22, "excluded_lines": 0, "percent_statements_covered": 0.0, "percent_statements_covered_display": "0"}, "missing_lines": [109, 110, 112, 113, 114, 115, 116, 117, 119, 120, 121, 122, 123, 124, 125, 126, 127, 128, 129, 130, 132, 133], "excluded_lines": [], "start_line": 107}, "SmokeTestRunner.run": {"executed_lines": [166, 167, 170, 171, 179, 180, 181, 182, 195, 196, 197, 198, 206, 207, 208, 209, 210, 211, 212, 218, 231, 232, 233, 234, 235, 236, 237, 238, 245, 257, 258, 260], "summary": {"covered_lines": 32, "num_statements": 38, "percent_covered": 84.21052631578948, "percent_covered_display": "84", "missing_lines": 6, "excluded_lines": 0, "percent_statements_covered": 84.21052631578948, "percent_statements_covered_display": "84"}, "missing_lines": [187, 188, 223, 224, 250, 251], "excluded_lines": [], "start_line": 164}, "": {"executed_lines": [8, 10, 12, 14, 15, 16, 17, 18, 19, 20, 21, 22, 24, 32, 33, 34, 35, 38, 39, 40, 41, 42, 43, 46, 47, 50, 51, 53, 64, 107, 141, 142, 143, 144, 145, 146, 149, 150, 151, 152, 153, 154, 155, 158, 159, 162, 164], "summary": {"covered_lines": 47, "num_statements": 47, "percent_covered": 100.0, "percent_covered_display": "100", "missing_lines": 0, "excluded_lines": 0, "percent_statements_covered": 100.0, "percent_statements_covered_display": "100"}, "missing_lines": [], "excluded_lines": [], "start_line": 1}}, "classes": {"ChatMessage": {"executed_lines": [], "summary": {"covered_lines": 0, "num_statements": 0, "percent_covered": 100.0, "percent_covered_display": "100", "missing_lines": 0, "excluded_lines": 0, "percent_statements_covered": 100.0, "percent_statements_covered_display": "100"}, "missing_lines": [], "excluded_lines": [], "start_line": 32}, "ChatSession": {"executed_lines": [], "summary": {"covered_lines": 0, "num_statements": 0, "percent_covered": 100.0, "percent_covered_display": "100", "missing_lines": 0, "excluded_lines": 0, "percent_statements_covered": 100.0, "percent_statements_covered_display": "100"}, "missing_lines": [], "excluded_lines": [], "start_line": 38}, "AIChatInterface": {"executed_lines": [60, 61, 62, 66, 68, 69, 70, 71, 72, 73, 81, 89, 90, 91, 92, 101, 102, 104, 105], "summary": {"covered_lines": 19, "num_statements": 53, "percent_covered": 35.84905660377358, "percent_covered_display": "36", "missing_lines": 34, "excluded_lines": 0, "percent_statements_covered": 35.84905660377358, "percent_statements_covered_display": "36"}, "missing_lines": [74, 75, 78, 80, 82, 83, 86, 88, 93, 94, 97, 99, 109, 110, 112, 113, 114, 115, 116, 117, 119, 120, 121, 122, 123, 124, 125, 126, 127, 128, 129, 130, 132, 133], "excluded_lines": [], "start_line": 47}, "SmokeTestResult": {"executed_lines": [], "summary": {"covered_lines": 0, "num_statements": 0, "percent_covered": 100.0, "percent_covered_display": "100", "missing_lines": 0, "excluded_lines": 0, "percent_statements_covered": 100.0, "percent_statements_covered_display": "100"}, "missing_lines": [], "excluded_lines": [], "start_line": 141}, "SmokeTestReport": {"executed_lines": [], "summary": {"covered_lines": 0, "num_statements": 0, "percent_covered": 100.0, "percent_covered_display": "100", "missing_lines": 0, "excluded_lines": 0, "percent_statements_covered": 100.0, "percent_statements_covered_display": "100"}, "missing_lines": [], "excluded_lines": [], "start_line": 149}, "SmokeTestRunner": {"executed_lines": [166, 167, 170, 171, 179, 180, 181, 182, 195, 196, 197, 198, 206, 207, 208, 209, 210, 211, 212, 218, 231, 232, 233, 234, 235, 236, 237, 238, 245, 257, 258, 260], "summary": {"covered_lines": 32, "num_statements": 38, "percent_covered": 84.21052631578948, "percent_covered_display": "84", "missing_lines": 6, "excluded_lines": 0, "percent_statements_covered": 84.21052631578948, "percent_statements_covered_display": "84"}, "missing_lines": [187, 188, 223, 224, 250, 251], "excluded_lines": [], "start_line": 159}, "": {"executed_lines": [8, 10, 12, 14, 15, 16, 17, 18, 19, 20, 21, 22, 24, 32, 33, 34, 35, 38, 39, 40, 41, 42, 43, 46, 47, 50, 51, 53, 64, 107, 141, 142, 143, 144, 145, 146, 149, 150, 151, 152, 153, 154, 155, 158, 159, 162, 164], "summary": {"covered_lines": 47, "num_statements": 47, "percent_covered": 100.0, "percent_covered_display": "100", "missing_lines": 0, "excluded_lines": 0, "percent_statements_covered": 100.0, "percent_statements_covered_display": "100"}, "missing_lines": [], "excluded_lines": [], "start_line": 1}}}, "src/migration_factory/ai/engine.py": {"executed_lines": [19, 21, 22, 23, 24, 25, 27, 29, 30, 31, 32, 34, 37, 38, 39, 40, 41, 42, 43, 44, 47, 50, 52, 53, 54, 55, 56, 57, 58, 59, 60, 63, 66, 68, 69, 70, 71, 78, 193, 194, 201, 202, 203, 204, 206, 207, 208, 209, 211, 212, 213, 215, 219, 220, 222, 223, 227, 234, 248, 250, 251, 255, 263, 273, 275, 276, 280, 284, 285, 289, 291, 292, 296, 303, 313, 315, 316, 324, 398, 399, 400, 401, 402, 403, 404, 406, 418, 419, 420, 421, 422, 423, 424, 425, 427, 428, 429, 431, 439, 440, 441, 442, 444, 445, 448, 458, 459, 460, 461, 462, 463, 465, 473, 474, 475, 476, 477, 478, 479, 481, 482, 483, 485, 493, 494, 495, 506, 507, 508, 509, 510, 512, 520], "summary": {"covered_lines": 133, "num_statements": 166, "percent_covered": 80.12048192771084, "percent_covered_display": "80", "missing_lines": 33, "excluded_lines": 0, "percent_statements_covered": 80.12048192771084, "percent_statements_covered_display": "80"}, "missing_lines": [225, 253, 278, 294, 318, 326, 327, 329, 343, 344, 346, 347, 348, 349, 352, 353, 354, 356, 357, 358, 359, 360, 361, 367, 368, 369, 371, 373, 384, 385, 387, 443, 446], "excluded_lines": [], "functions": {"AIEngine.__post_init__": {"executed_lines": [207, 208, 209], "summary": {"covered_lines": 3, "num_statements": 3, "percent_covered": 100.0, "percent_covered_display": "100", "missing_lines": 0, "excluded_lines": 0, "percent_statements_covered": 100.0, "percent_statements_covered_display": "100"}, "missing_lines": [], "excluded_lines": [], "start_line": 206}, "AIEngine.is_available": {"executed_lines": [213], "summary": {"covered_lines": 1, "num_statements": 1, "percent_covered": 100.0, "percent_covered_display": "100", "missing_lines": 0, "excluded_lines": 0, "percent_statements_covered": 100.0, "percent_statements_covered_display": "100"}, "missing_lines": [], "excluded_lines": [], "start_line": 212}, "AIEngine.explain_infrastructure": {"executed_lines": [219, 220, 222, 223], "summary": {"covered_lines": 4, "num_statements": 5, "percent_covered": 80.0, "percent_covered_display": "80", "missing_lines": 1, "excluded_lines": 0, "percent_statements_covered": 80.0, "percent_statements_covered_display": "80"}, "missing_lines": [225], "excluded_lines": [], "start_line": 215}, "AIEngine.analyze_migration_risks": {"executed_lines": [234, 248, 250, 251], "summary": {"covered_lines": 4, "num_statements": 5, "percent_covered": 80.0, "percent_covered_display": "80", "missing_lines": 1, "excluded_lines": 0, "percent_statements_covered": 80.0, "percent_statements_covered_display": "80"}, "missing_lines": [253], "excluded_lines": [], "start_line": 227}, "AIEngine.suggest_optimizations": {"executed_lines": [263, 273, 275, 276], "summary": {"covered_lines": 4, "num_statements": 5, "percent_covered": 80.0, "percent_covered_display": "80", "missing_lines": 1, "excluded_lines": 0, "percent_statements_covered": 80.0, "percent_statements_covered_display": "80"}, "missing_lines": [278], "excluded_lines": [], "start_line": 255}, "AIEngine.generate_architecture_summary": {"executed_lines": [284, 285, 289, 291, 292], "summary": {"covered_lines": 5, "num_statements": 6, "percent_covered": 83.33333333333333, "percent_covered_display": "83", "missing_lines": 1, "excluded_lines": 0, "percent_statements_covered": 83.33333333333333, "percent_statements_covered_display": "83"}, "missing_lines": [294], "excluded_lines": [], "start_line": 280}, "AIEngine.generate_documentation": {"executed_lines": [303, 313, 315, 316], "summary": {"covered_lines": 4, "num_statements": 5, "percent_covered": 80.0, "percent_covered_display": "80", "missing_lines": 1, "excluded_lines": 0, "percent_statements_covered": 80.0, "percent_statements_covered_display": "80"}, "missing_lines": [318], "excluded_lines": [], "start_line": 296}, "AIEngine._call_ai": {"executed_lines": [], "summary": {"covered_lines": 0, "num_statements": 26, "percent_covered": 0.0, "percent_covered_display": "0", "missing_lines": 26, "excluded_lines": 0, "percent_statements_covered": 0.0, "percent_statements_covered_display": "0"}, "missing_lines": [326, 327, 329, 343, 344, 346, 347, 348, 349, 352, 353, 354, 356, 357, 358, 359, 360, 361, 367, 368, 369, 371, 373, 384, 385, 387], "excluded_lines": [], "start_line": 324}, "AIEngine._build_graph_context": {"executed_lines": [400, 401, 402, 403, 404, 406], "summary": {"covered_lines": 6, "num_statements": 6, "percent_covered": 100.0, "percent_covered_display": "100", "missing_lines": 0, "excluded_lines": 0, "percent_statements_covered": 100.0, "percent_statements_covered_display": "100"}, "missing_lines": [], "excluded_lines": [], "start_line": 399}, "AIEngine._fallback_infrastructure_explanation": {"executed_lines": [420, 421, 422, 423, 424, 425, 427, 428, 429, 431], "summary": {"covered_lines": 10, "num_statements": 10, "percent_covered": 100.0, "percent_covered_display": "100", "missing_lines": 0, "excluded_lines": 0, "percent_statements_covered": 100.0, "percent_statements_covered_display": "100"}, "missing_lines": [], "excluded_lines": [], "start_line": 419}, "AIEngine._fallback_risk_analysis": {"executed_lines": [441, 442, 444, 445, 448], "summary": {"covered_lines": 5, "num_statements": 7, "percent_covered": 71.42857142857143, "percent_covered_display": "71", "missing_lines": 2, "excluded_lines": 0, "percent_statements_covered": 71.42857142857143, "percent_statements_covered_display": "71"}, "missing_lines": [443, 446], "excluded_lines": [], "start_line": 440}, "AIEngine._fallback_optimizations": {"executed_lines": [460, 461, 462, 463, 465], "summary": {"covered_lines": 5, "num_statements": 5, "percent_covered": 100.0, "percent_covered_display": "100", "missing_lines": 0, "excluded_lines": 0, "percent_statements_covered": 100.0, "percent_statements_covered_display": "100"}, "missing_lines": [], "excluded_lines": [], "start_line": 459}, "AIEngine._fallback_architecture_summary": {"executed_lines": [475, 476, 477, 478, 479, 481, 482, 483, 485], "summary": {"covered_lines": 9, "num_statements": 9, "percent_covered": 100.0, "percent_covered_display": "100", "missing_lines": 0, "excluded_lines": 0, "percent_statements_covered": 100.0, "percent_statements_covered_display": "100"}, "missing_lines": [], "excluded_lines": [], "start_line": 474}, "AIEngine._fallback_documentation": {"executed_lines": [495, 506, 507, 508, 509, 510, 512, 520], "summary": {"covered_lines": 8, "num_statements": 8, "percent_covered": 100.0, "percent_covered_display": "100", "missing_lines": 0, "excluded_lines": 0, "percent_statements_covered": 100.0, "percent_statements_covered_display": "100"}, "missing_lines": [], "excluded_lines": [], "start_line": 494}, "": {"executed_lines": [19, 21, 22, 23, 24, 25, 27, 29, 30, 31, 32, 34, 37, 38, 39, 40, 41, 42, 43, 44, 47, 50, 52, 53, 54, 55, 56, 57, 58, 59, 60, 63, 66, 68, 69, 70, 71, 78, 193, 194, 201, 202, 203, 204, 206, 211, 212, 215, 227, 255, 280, 296, 324, 398, 399, 418, 419, 439, 440, 458, 459, 473, 474, 493, 494], "summary": {"covered_lines": 65, "num_statements": 65, "percent_covered": 100.0, "percent_covered_display": "100", "missing_lines": 0, "excluded_lines": 0, "percent_statements_covered": 100.0, "percent_statements_covered_display": "100"}, "missing_lines": [], "excluded_lines": [], "start_line": 1}}, "classes": {"AIAnalysisType": {"executed_lines": [], "summary": {"covered_lines": 0, "num_statements": 0, "percent_covered": 100.0, "percent_covered_display": "100", "missing_lines": 0, "excluded_lines": 0, "percent_statements_covered": 100.0, "percent_statements_covered_display": "100"}, "missing_lines": [], "excluded_lines": [], "start_line": 37}, "AIAnalysisResult": {"executed_lines": [], "summary": {"covered_lines": 0, "num_statements": 0, "percent_covered": 100.0, "percent_covered_display": "100", "missing_lines": 0, "excluded_lines": 0, "percent_statements_covered": 100.0, "percent_statements_covered_display": "100"}, "missing_lines": [], "excluded_lines": [], "start_line": 47}, "PromptTemplate": {"executed_lines": [], "summary": {"covered_lines": 0, "num_statements": 0, "percent_covered": 100.0, "percent_covered_display": "100", "missing_lines": 0, "excluded_lines": 0, "percent_statements_covered": 100.0, "percent_statements_covered_display": "100"}, "missing_lines": [], "excluded_lines": [], "start_line": 63}, "AIEngine": {"executed_lines": [207, 208, 209, 213, 219, 220, 222, 223, 234, 248, 250, 251, 263, 273, 275, 276, 284, 285, 289, 291, 292, 303, 313, 315, 316, 400, 401, 402, 403, 404, 406, 420, 421, 422, 423, 424, 425, 427, 428, 429, 431, 441, 442, 444, 445, 448, 460, 461, 462, 463, 465, 475, 476, 477, 478, 479, 481, 482, 483, 485, 495, 506, 507, 508, 509, 510, 512, 520], "summary": {"covered_lines": 68, "num_statements": 101, "percent_covered": 67.32673267326733, "percent_covered_display": "67", "missing_lines": 33, "excluded_lines": 0, "percent_statements_covered": 67.32673267326733, "percent_statements_covered_display": "67"}, "missing_lines": [225, 253, 278, 294, 318, 326, 327, 329, 343, 344, 346, 347, 348, 349, 352, 353, 354, 356, 357, 358, 359, 360, 361, 367, 368, 369, 371, 373, 384, 385, 387, 443, 446], "excluded_lines": [], "start_line": 194}, "": {"executed_lines": [19, 21, 22, 23, 24, 25, 27, 29, 30, 31, 32, 34, 37, 38, 39, 40, 41, 42, 43, 44, 47, 50, 52, 53, 54, 55, 56, 57, 58, 59, 60, 63, 66, 68, 69, 70, 71, 78, 193, 194, 201, 202, 203, 204, 206, 211, 212, 215, 227, 255, 280, 296, 324, 398, 399, 418, 419, 439, 440, 458, 459, 473, 474, 493, 494], "summary": {"covered_lines": 65, "num_statements": 65, "percent_covered": 100.0, "percent_covered_display": "100", "missing_lines": 0, "excluded_lines": 0, "percent_statements_covered": 100.0, "percent_statements_covered_display": "100"}, "missing_lines": [], "excluded_lines": [], "start_line": 1}}}, "src/migration_factory/ai/rca.py": {"executed_lines": [8, 10, 11, 13, 15, 16, 17, 18, 19, 21, 24, 25, 26, 27, 28, 31, 32, 33, 34, 35, 36, 37, 38, 39, 40, 43, 44, 45, 46, 47, 48, 51, 52, 55, 62, 64, 65, 66, 67, 68, 69, 70, 71, 73, 74, 75, 76, 78, 85, 86, 88, 89, 90, 91, 94, 95, 96, 98, 100, 102, 103, 105, 124, 126, 127, 128, 130, 131, 151, 152, 153, 169, 171, 172, 173, 175, 176, 177, 196, 197, 198, 217, 219, 220, 221, 223, 224, 225, 244], "summary": {"covered_lines": 89, "num_statements": 89, "percent_covered": 100.0, "percent_covered_display": "100", "missing_lines": 0, "excluded_lines": 0, "percent_statements_covered": 100.0, "percent_statements_covered_display": "100"}, "missing_lines": [], "excluded_lines": [], "functions": {"RootCauseAnalyzer.analyze": {"executed_lines": [62, 64, 65, 66, 67, 68, 69, 70, 71, 73, 74, 75, 76, 78, 85, 86], "summary": {"covered_lines": 16, "num_statements": 16, "percent_covered": 100.0, "percent_covered_display": "100", "missing_lines": 0, "excluded_lines": 0, "percent_statements_covered": 100.0, "percent_statements_covered_display": "100"}, "missing_lines": [], "excluded_lines": [], "start_line": 55}, "RootCauseAnalyzer._analyze_policy_failures": {"executed_lines": [90, 91, 94, 95, 96, 98, 100, 102, 103, 105, 124], "summary": {"covered_lines": 11, "num_statements": 11, "percent_covered": 100.0, "percent_covered_display": "100", "missing_lines": 0, "excluded_lines": 0, "percent_statements_covered": 100.0, "percent_statements_covered_display": "100"}, "missing_lines": [], "excluded_lines": [], "start_line": 89}, "RootCauseAnalyzer._analyze_security_issues": {"executed_lines": [128, 130, 131, 151, 152, 153, 169], "summary": {"covered_lines": 7, "num_statements": 7, "percent_covered": 100.0, "percent_covered_display": "100", "missing_lines": 0, "excluded_lines": 0, "percent_statements_covered": 100.0, "percent_statements_covered_display": "100"}, "missing_lines": [], "excluded_lines": [], "start_line": 127}, "RootCauseAnalyzer._analyze_drift": {"executed_lines": [173, 175, 176, 177, 196, 197, 198, 217], "summary": {"covered_lines": 8, "num_statements": 8, "percent_covered": 100.0, "percent_covered_display": "100", "missing_lines": 0, "excluded_lines": 0, "percent_statements_covered": 100.0, "percent_statements_covered_display": "100"}, "missing_lines": [], "excluded_lines": [], "start_line": 172}, "RootCauseAnalyzer._analyze_graph_issues": {"executed_lines": [221, 223, 224, 225, 244], "summary": {"covered_lines": 5, "num_statements": 5, "percent_covered": 100.0, "percent_covered_display": "100", "missing_lines": 0, "excluded_lines": 0, "percent_statements_covered": 100.0, "percent_statements_covered_display": "100"}, "missing_lines": [], "excluded_lines": [], "start_line": 220}, "": {"executed_lines": [8, 10, 11, 13, 15, 16, 17, 18, 19, 21, 24, 25, 26, 27, 28, 31, 32, 33, 34, 35, 36, 37, 38, 39, 40, 43, 44, 45, 46, 47, 48, 51, 52, 55, 88, 89, 126, 127, 171, 172, 219, 220], "summary": {"covered_lines": 42, "num_statements": 42, "percent_covered": 100.0, "percent_covered_display": "100", "missing_lines": 0, "excluded_lines": 0, "percent_statements_covered": 100.0, "percent_statements_covered_display": "100"}, "missing_lines": [], "excluded_lines": [], "start_line": 1}}, "classes": {"RCASeverity": {"executed_lines": [], "summary": {"covered_lines": 0, "num_statements": 0, "percent_covered": 100.0, "percent_covered_display": "100", "missing_lines": 0, "excluded_lines": 0, "percent_statements_covered": 100.0, "percent_statements_covered_display": "100"}, "missing_lines": [], "excluded_lines": [], "start_line": 24}, "RCAFinding": {"executed_lines": [], "summary": {"covered_lines": 0, "num_statements": 0, "percent_covered": 100.0, "percent_covered_display": "100", "missing_lines": 0, "excluded_lines": 0, "percent_statements_covered": 100.0, "percent_statements_covered_display": "100"}, "missing_lines": [], "excluded_lines": [], "start_line": 31}, "RCAReport": {"executed_lines": [], "summary": {"covered_lines": 0, "num_statements": 0, "percent_covered": 100.0, "percent_covered_display": "100", "missing_lines": 0, "excluded_lines": 0, "percent_statements_covered": 100.0, "percent_statements_covered_display": "100"}, "missing_lines": [], "excluded_lines": [], "start_line": 43}, "RootCauseAnalyzer": {"executed_lines": [62, 64, 65, 66, 67, 68, 69, 70, 71, 73, 74, 75, 76, 78, 85, 86, 90, 91, 94, 95, 96, 98, 100, 102, 103, 105, 124, 128, 130, 131, 151, 152, 153, 169, 173, 175, 176, 177, 196, 197, 198, 217, 221, 223, 224, 225, 244], "summary": {"covered_lines": 47, "num_statements": 47, "percent_covered": 100.0, "percent_covered_display": "100", "missing_lines": 0, "excluded_lines": 0, "percent_statements_covered": 100.0, "percent_statements_covered_display": "100"}, "missing_lines": [], "excluded_lines": [], "start_line": 52}, "": {"executed_lines": [8, 10, 11, 13, 15, 16, 17, 18, 19, 21, 24, 25, 26, 27, 28, 31, 32, 33, 34, 35, 36, 37, 38, 39, 40, 43, 44, 45, 46, 47, 48, 51, 52, 55, 88, 89, 126, 127, 171, 172, 219, 220], "summary": {"covered_lines": 42, "num_statements": 42, "percent_covered": 100.0, "percent_covered_display": "100", "missing_lines": 0, "excluded_lines": 0, "percent_statements_covered": 100.0, "percent_statements_covered_display": "100"}, "missing_lines": [], "excluded_lines": [], "start_line": 1}}}, "src/migration_factory/assessment/__init__.py": {"executed_lines": [], "summary": {"covered_lines": 0, "num_statements": 0, "percent_covered": 100.0, "percent_covered_display": "100", "missing_lines": 0, "excluded_lines": 0, "percent_statements_covered": 100.0, "percent_statements_covered_display": "100"}, "missing_lines": [], "excluded_lines": [], "functions": {"": {"executed_lines": [], "summary": {"covered_lines": 0, "num_statements": 0, "percent_covered": 100.0, "percent_covered_display": "100", "missing_lines": 0, "excluded_lines": 0, "percent_statements_covered": 100.0, "percent_statements_covered_display": "100"}, "missing_lines": [], "excluded_lines": [], "start_line": 1}}, "classes": {"": {"executed_lines": [], "summary": {"covered_lines": 0, "num_statements": 0, "percent_covered": 100.0, "percent_covered_display": "100", "missing_lines": 0, "excluded_lines": 0, "percent_statements_covered": 100.0, "percent_statements_covered_display": "100"}, "missing_lines": [], "excluded_lines": [], "start_line": 1}}}, "src/migration_factory/assessment/engine.py": {"executed_lines": [19, 21, 23, 32, 33, 34, 35, 41, 48, 49, 50, 52, 59, 66, 105, 154, 155, 157, 162, 166, 167, 169, 170, 171, 174, 178, 179, 184, 186, 187, 193, 209, 211, 212, 213, 214, 218, 227, 235, 237, 238, 242, 250, 251, 253, 254, 256, 262, 263, 264, 265, 266, 269, 270, 271, 273, 274, 275, 276, 277, 281, 283, 284, 285, 286, 287, 289, 290, 294, 295, 296, 301, 302, 304, 305, 310, 311, 318, 321, 325, 334, 336, 337, 340, 342, 343, 344, 345, 355, 356, 359, 360, 365, 367], "summary": {"covered_lines": 94, "num_statements": 101, "percent_covered": 93.06930693069307, "percent_covered_display": "93", "missing_lines": 7, "excluded_lines": 0, "percent_statements_covered": 93.06930693069307, "percent_statements_covered_display": "93"}, "missing_lines": [172, 188, 243, 297, 298, 326, 350], "excluded_lines": [], "functions": {"AssessmentEngine.assess": {"executed_lines": [162, 166, 167, 169, 170, 171, 174, 178, 179, 184, 186, 187, 193, 209, 211, 212, 213, 214, 218, 227, 235], "summary": {"covered_lines": 21, "num_statements": 23, "percent_covered": 91.30434782608695, "percent_covered_display": "91", "missing_lines": 2, "excluded_lines": 0, "percent_statements_covered": 91.30434782608695, "percent_statements_covered_display": "91"}, "missing_lines": [172, 188], "excluded_lines": [], "start_line": 157}, "AssessmentEngine._compute_score_breakdown": {"executed_lines": [242, 250, 251, 253, 254, 256], "summary": {"covered_lines": 6, "num_statements": 7, "percent_covered": 85.71428571428571, "percent_covered_display": "86", "missing_lines": 1, "excluded_lines": 0, "percent_statements_covered": 85.71428571428571, "percent_statements_covered_display": "86"}, "missing_lines": [243], "excluded_lines": [], "start_line": 238}, "AssessmentEngine._compute_overall_score": {"executed_lines": [264, 265, 266, 269, 270, 271], "summary": {"covered_lines": 6, "num_statements": 6, "percent_covered": 100.0, "percent_covered_display": "100", "missing_lines": 0, "excluded_lines": 0, "percent_statements_covered": 100.0, "percent_statements_covered_display": "100"}, "missing_lines": [], "excluded_lines": [], "start_line": 263}, "AssessmentEngine._classify_risk": {"executed_lines": [275, 276, 277, 281, 283, 284, 285, 286, 287], "summary": {"covered_lines": 9, "num_statements": 9, "percent_covered": 100.0, "percent_covered_display": "100", "missing_lines": 0, "excluded_lines": 0, "percent_statements_covered": 100.0, "percent_statements_covered_display": "100"}, "missing_lines": [], "excluded_lines": [], "start_line": 274}, "AssessmentEngine._build_phases": {"executed_lines": [294, 295, 296, 301, 302, 304, 305, 310, 311, 318, 321, 325, 334], "summary": {"covered_lines": 13, "num_statements": 16, "percent_covered": 81.25, "percent_covered_display": "81", "missing_lines": 3, "excluded_lines": 0, "percent_statements_covered": 81.25, "percent_statements_covered_display": "81"}, "missing_lines": [297, 298, 326], "excluded_lines": [], "start_line": 290}, "AssessmentEngine._generate_recommendation": {"executed_lines": [340, 342, 343, 344, 345, 355, 356, 359, 360, 365, 367], "summary": {"covered_lines": 11, "num_statements": 12, "percent_covered": 91.66666666666667, "percent_covered_display": "92", "missing_lines": 1, "excluded_lines": 0, "percent_statements_covered": 91.66666666666667, "percent_statements_covered_display": "92"}, "missing_lines": [350], "excluded_lines": [], "start_line": 337}, "": {"executed_lines": [19, 21, 23, 32, 33, 34, 35, 41, 48, 49, 50, 52, 59, 66, 105, 154, 155, 157, 237, 238, 262, 263, 273, 274, 289, 290, 336, 337], "summary": {"covered_lines": 28, "num_statements": 28, "percent_covered": 100.0, "percent_covered_display": "100", "missing_lines": 0, "excluded_lines": 0, "percent_statements_covered": 100.0, "percent_statements_covered_display": "100"}, "missing_lines": [], "excluded_lines": [], "start_line": 1}}, "classes": {"AssessmentEngine": {"executed_lines": [162, 166, 167, 169, 170, 171, 174, 178, 179, 184, 186, 187, 193, 209, 211, 212, 213, 214, 218, 227, 235, 242, 250, 251, 253, 254, 256, 264, 265, 266, 269, 270, 271, 275, 276, 277, 281, 283, 284, 285, 286, 287, 294, 295, 296, 301, 302, 304, 305, 310, 311, 318, 321, 325, 334, 340, 342, 343, 344, 345, 355, 356, 359, 360, 365, 367], "summary": {"covered_lines": 66, "num_statements": 73, "percent_covered": 90.41095890410959, "percent_covered_display": "90", "missing_lines": 7, "excluded_lines": 0, "percent_statements_covered": 90.41095890410959, "percent_statements_covered_display": "90"}, "missing_lines": [172, 188, 243, 297, 298, 326, 350], "excluded_lines": [], "start_line": 155}, "": {"executed_lines": [19, 21, 23, 32, 33, 34, 35, 41, 48, 49, 50, 52, 59, 66, 105, 154, 155, 157, 237, 238, 262, 263, 273, 274, 289, 290, 336, 337], "summary": {"covered_lines": 28, "num_statements": 28, "percent_covered": 100.0, "percent_covered_display": "100", "missing_lines": 0, "excluded_lines": 0, "percent_statements_covered": 100.0, "percent_statements_covered_display": "100"}, "missing_lines": [], "excluded_lines": [], "start_line": 1}}}, "src/migration_factory/assessment/extended.py": {"executed_lines": [6, 8, 10, 12, 19, 20, 21, 22, 24, 32, 33, 36, 41, 42, 43, 45, 46, 47, 48, 49, 50, 51, 54, 57, 58, 59, 64, 78, 79, 82, 87, 88, 90, 91, 94, 95, 96, 98, 99, 102, 103, 104, 107, 108, 111, 112, 113, 114, 118, 120, 132, 133, 136, 142, 145, 146, 149, 152, 155, 156, 159, 162, 163, 166, 169, 170, 171, 173, 175, 176, 180, 182, 195, 197, 200, 201, 202, 208, 209, 210, 211, 214, 215, 216, 217, 218, 219, 222, 223, 224, 225, 226, 228, 234, 235, 236, 237, 238, 240, 248, 249, 251, 252, 253, 254, 255, 256, 257, 258, 259, 260, 263, 264], "summary": {"covered_lines": 113, "num_statements": 121, "percent_covered": 93.38842975206612, "percent_covered_display": "93", "missing_lines": 8, "excluded_lines": 0, "percent_statements_covered": 93.38842975206612, "percent_statements_covered_display": "93"}, "missing_lines": [55, 56, 61, 62, 97, 115, 174, 178], "excluded_lines": [], "functions": {"BusinessImpactAnalyzer.analyze": {"executed_lines": [41, 42, 43, 45, 46, 47, 48, 49, 50, 51, 54, 57, 58, 59, 64], "summary": {"covered_lines": 15, "num_statements": 19, "percent_covered": 78.94736842105263, "percent_covered_display": "79", "missing_lines": 4, "excluded_lines": 0, "percent_statements_covered": 78.94736842105263, "percent_statements_covered_display": "79"}, "missing_lines": [55, 56, 61, 62], "excluded_lines": [], "start_line": 36}, "TechnicalDebtAnalyzer.analyze": {"executed_lines": [87, 88, 90, 91, 94, 95, 96, 98, 99, 102, 103, 104, 107, 108, 111, 112, 113, 114, 118, 120], "summary": {"covered_lines": 20, "num_statements": 22, "percent_covered": 90.9090909090909, "percent_covered_display": "91", "missing_lines": 2, "excluded_lines": 0, "percent_statements_covered": 90.9090909090909, "percent_statements_covered_display": "91"}, "missing_lines": [97, 115], "excluded_lines": [], "start_line": 82}, "ReadinessAssessor.assess": {"executed_lines": [142, 145, 146, 149, 152, 155, 156, 159, 162, 163, 166, 169, 170, 171, 173, 175, 176, 180, 182], "summary": {"covered_lines": 19, "num_statements": 21, "percent_covered": 90.47619047619048, "percent_covered_display": "90", "missing_lines": 2, "excluded_lines": 0, "percent_statements_covered": 90.47619047619048, "percent_statements_covered_display": "90"}, "missing_lines": [174, 178], "excluded_lines": [], "start_line": 136}, "generate_mermaid_diagram": {"executed_lines": [197, 200, 201, 202, 208, 209, 210, 211, 214, 215, 216, 217, 218, 219, 222, 223, 224, 225, 226, 228, 234, 235, 236, 237, 238, 240], "summary": {"covered_lines": 26, "num_statements": 26, "percent_covered": 100.0, "percent_covered_display": "100", "missing_lines": 0, "excluded_lines": 0, "percent_statements_covered": 100.0, "percent_statements_covered_display": "100"}, "missing_lines": [], "excluded_lines": [], "start_line": 195}, "get_platform_version": {"executed_lines": [264], "summary": {"covered_lines": 1, "num_statements": 1, "percent_covered": 100.0, "percent_covered_display": "100", "missing_lines": 0, "excluded_lines": 0, "percent_statements_covered": 100.0, "percent_statements_covered_display": "100"}, "missing_lines": [], "excluded_lines": [], "start_line": 263}, "": {"executed_lines": [6, 8, 10, 12, 19, 20, 21, 22, 24, 32, 33, 36, 78, 79, 82, 132, 133, 136, 195, 248, 249, 251, 252, 253, 254, 255, 256, 257, 258, 259, 260, 263], "summary": {"covered_lines": 32, "num_statements": 32, "percent_covered": 100.0, "percent_covered_display": "100", "missing_lines": 0, "excluded_lines": 0, "percent_statements_covered": 100.0, "percent_statements_covered_display": "100"}, "missing_lines": [], "excluded_lines": [], "start_line": 1}}, "classes": {"BusinessImpactAnalyzer": {"executed_lines": [41, 42, 43, 45, 46, 47, 48, 49, 50, 51, 54, 57, 58, 59, 64], "summary": {"covered_lines": 15, "num_statements": 19, "percent_covered": 78.94736842105263, "percent_covered_display": "79", "missing_lines": 4, "excluded_lines": 0, "percent_statements_covered": 78.94736842105263, "percent_statements_covered_display": "79"}, "missing_lines": [55, 56, 61, 62], "excluded_lines": [], "start_line": 33}, "TechnicalDebtAnalyzer": {"executed_lines": [87, 88, 90, 91, 94, 95, 96, 98, 99, 102, 103, 104, 107, 108, 111, 112, 113, 114, 118, 120], "summary": {"covered_lines": 20, "num_statements": 22, "percent_covered": 90.9090909090909, "percent_covered_display": "91", "missing_lines": 2, "excluded_lines": 0, "percent_statements_covered": 90.9090909090909, "percent_statements_covered_display": "91"}, "missing_lines": [97, 115], "excluded_lines": [], "start_line": 79}, "ReadinessAssessor": {"executed_lines": [142, 145, 146, 149, 152, 155, 156, 159, 162, 163, 166, 169, 170, 171, 173, 175, 176, 180, 182], "summary": {"covered_lines": 19, "num_statements": 21, "percent_covered": 90.47619047619048, "percent_covered_display": "90", "missing_lines": 2, "excluded_lines": 0, "percent_statements_covered": 90.47619047619048, "percent_statements_covered_display": "90"}, "missing_lines": [174, 178], "excluded_lines": [], "start_line": 133}, "PlatformVersion": {"executed_lines": [], "summary": {"covered_lines": 0, "num_statements": 0, "percent_covered": 100.0, "percent_covered_display": "100", "missing_lines": 0, "excluded_lines": 0, "percent_statements_covered": 100.0, "percent_statements_covered_display": "100"}, "missing_lines": [], "excluded_lines": [], "start_line": 248}, "": {"executed_lines": [6, 8, 10, 12, 19, 20, 21, 22, 24, 32, 33, 36, 78, 79, 82, 132, 133, 136, 195, 197, 200, 201, 202, 208, 209, 210, 211, 214, 215, 216, 217, 218, 219, 222, 223, 224, 225, 226, 228, 234, 235, 236, 237, 238, 240, 248, 249, 251, 252, 253, 254, 255, 256, 257, 258, 259, 260, 263, 264], "summary": {"covered_lines": 59, "num_statements": 59, "percent_covered": 100.0, "percent_covered_display": "100", "missing_lines": 0, "excluded_lines": 0, "percent_statements_covered": 100.0, "percent_statements_covered_display": "100"}, "missing_lines": [], "excluded_lines": [], "start_line": 1}}}, "src/migration_factory/assessment/models.py": {"executed_lines": [11, 13, 15, 17, 18, 21, 22, 23, 24, 27, 28, 29, 30, 31, 34, 35, 36, 37, 40, 45, 47, 48, 49, 54, 55, 57, 58, 59, 60, 61, 62, 63, 64, 65, 66, 72, 73, 75, 76, 77, 80, 83, 85, 86, 87, 88, 89, 90, 93, 94, 96, 97, 98, 99, 100, 103, 104, 106, 107, 108, 111, 112, 114, 115, 116, 117], "summary": {"covered_lines": 66, "num_statements": 66, "percent_covered": 100.0, "percent_covered_display": "100", "missing_lines": 0, "excluded_lines": 0, "percent_statements_covered": 100.0, "percent_statements_covered_display": "100"}, "missing_lines": [], "excluded_lines": [], "functions": {"": {"executed_lines": [11, 13, 15, 17, 18, 21, 22, 23, 24, 27, 28, 29, 30, 31, 34, 35, 36, 37, 40, 45, 47, 48, 49, 54, 55, 57, 58, 59, 60, 61, 62, 63, 64, 65, 66, 72, 73, 75, 76, 77, 80, 83, 85, 86, 87, 88, 89, 90, 93, 94, 96, 97, 98, 99, 100, 103, 104, 106, 107, 108, 111, 112, 114, 115, 116, 117], "summary": {"covered_lines": 66, "num_statements": 66, "percent_covered": 100.0, "percent_covered_display": "100", "missing_lines": 0, "excluded_lines": 0, "percent_statements_covered": 100.0, "percent_statements_covered_display": "100"}, "missing_lines": [], "excluded_lines": [], "start_line": 1}}, "classes": {"MigrationStrategy": {"executed_lines": [], "summary": {"covered_lines": 0, "num_statements": 0, "percent_covered": 100.0, "percent_covered_display": "100", "missing_lines": 0, "excluded_lines": 0, "percent_statements_covered": 100.0, "percent_statements_covered_display": "100"}, "missing_lines": [], "excluded_lines": [], "start_line": 21}, "DowntimeClass": {"executed_lines": [], "summary": {"covered_lines": 0, "num_statements": 0, "percent_covered": 100.0, "percent_covered_display": "100", "missing_lines": 0, "excluded_lines": 0, "percent_statements_covered": 100.0, "percent_statements_covered_display": "100"}, "missing_lines": [], "excluded_lines": [], "start_line": 27}, "RiskLevel": {"executed_lines": [], "summary": {"covered_lines": 0, "num_statements": 0, "percent_covered": 100.0, "percent_covered_display": "100", "missing_lines": 0, "excluded_lines": 0, "percent_statements_covered": 100.0, "percent_statements_covered_display": "100"}, "missing_lines": [], "excluded_lines": [], "start_line": 34}, "ScoreBreakdown": {"executed_lines": [], "summary": {"covered_lines": 0, "num_statements": 0, "percent_covered": 100.0, "percent_covered_display": "100", "missing_lines": 0, "excluded_lines": 0, "percent_statements_covered": 100.0, "percent_statements_covered_display": "100"}, "missing_lines": [], "excluded_lines": [], "start_line": 40}, "ResourceAssessment": {"executed_lines": [], "summary": {"covered_lines": 0, "num_statements": 0, "percent_covered": 100.0, "percent_covered_display": "100", "missing_lines": 0, "excluded_lines": 0, "percent_statements_covered": 100.0, "percent_statements_covered_display": "100"}, "missing_lines": [], "excluded_lines": [], "start_line": 54}, "MigrationPhase": {"executed_lines": [], "summary": {"covered_lines": 0, "num_statements": 0, "percent_covered": 100.0, "percent_covered_display": "100", "missing_lines": 0, "excluded_lines": 0, "percent_statements_covered": 100.0, "percent_statements_covered_display": "100"}, "missing_lines": [], "excluded_lines": [], "start_line": 72}, "MigrationAssessment": {"executed_lines": [], "summary": {"covered_lines": 0, "num_statements": 0, "percent_covered": 100.0, "percent_covered_display": "100", "missing_lines": 0, "excluded_lines": 0, "percent_statements_covered": 100.0, "percent_statements_covered_display": "100"}, "missing_lines": [], "excluded_lines": [], "start_line": 80}, "BusinessImpact": {"executed_lines": [], "summary": {"covered_lines": 0, "num_statements": 0, "percent_covered": 100.0, "percent_covered_display": "100", "missing_lines": 0, "excluded_lines": 0, "percent_statements_covered": 100.0, "percent_statements_covered_display": "100"}, "missing_lines": [], "excluded_lines": [], "start_line": 93}, "TechnicalDebt": {"executed_lines": [], "summary": {"covered_lines": 0, "num_statements": 0, "percent_covered": 100.0, "percent_covered_display": "100", "missing_lines": 0, "excluded_lines": 0, "percent_statements_covered": 100.0, "percent_statements_covered_display": "100"}, "missing_lines": [], "excluded_lines": [], "start_line": 103}, "ReadinessAssessment": {"executed_lines": [], "summary": {"covered_lines": 0, "num_statements": 0, "percent_covered": 100.0, "percent_covered_display": "100", "missing_lines": 0, "excluded_lines": 0, "percent_statements_covered": 100.0, "percent_statements_covered_display": "100"}, "missing_lines": [], "excluded_lines": [], "start_line": 111}, "": {"executed_lines": [11, 13, 15, 17, 18, 21, 22, 23, 24, 27, 28, 29, 30, 31, 34, 35, 36, 37, 40, 45, 47, 48, 49, 54, 55, 57, 58, 59, 60, 61, 62, 63, 64, 65, 66, 72, 73, 75, 76, 77, 80, 83, 85, 86, 87, 88, 89, 90, 93, 94, 96, 97, 98, 99, 100, 103, 104, 106, 107, 108, 111, 112, 114, 115, 116, 117], "summary": {"covered_lines": 66, "num_statements": 66, "percent_covered": 100.0, "percent_covered_display": "100", "missing_lines": 0, "excluded_lines": 0, "percent_statements_covered": 100.0, "percent_statements_covered_display": "100"}, "missing_lines": [], "excluded_lines": [], "start_line": 1}}}, "src/migration_factory/cli.py": {"executed_lines": [7, 9, 10, 11, 13, 14, 15, 16, 18, 21, 22, 23, 25, 26, 27, 33, 36, 37, 38, 40, 42, 43, 44, 45, 46, 47, 48, 49, 51, 52, 53, 54, 56, 58, 66, 71], "summary": {"covered_lines": 36, "num_statements": 39, "percent_covered": 92.3076923076923, "percent_covered_display": "92", "missing_lines": 3, "excluded_lines": 0, "percent_statements_covered": 92.3076923076923, "percent_statements_covered_display": "92"}, "missing_lines": [59, 68, 72], "excluded_lines": [], "functions": {"_build_parser": {"executed_lines": [22, 23, 25, 26, 27, 33], "summary": {"covered_lines": 6, "num_statements": 6, "percent_covered": 100.0, "percent_covered_display": "100", "missing_lines": 0, "excluded_lines": 0, "percent_statements_covered": 100.0, "percent_statements_covered_display": "100"}, "missing_lines": [], "excluded_lines": [], "start_line": 21}, "main": {"executed_lines": [37, 38, 40, 42, 43, 44, 45, 46, 47, 48, 49, 51, 52, 53, 54, 56, 58, 66], "summary": {"covered_lines": 18, "num_statements": 20, "percent_covered": 90.0, "percent_covered_display": "90", "missing_lines": 2, "excluded_lines": 0, "percent_statements_covered": 90.0, "percent_statements_covered_display": "90"}, "missing_lines": [59, 68], "excluded_lines": [], "start_line": 36}, "": {"executed_lines": [7, 9, 10, 11, 13, 14, 15, 16, 18, 21, 36, 71], "summary": {"covered_lines": 12, "num_statements": 13, "percent_covered": 92.3076923076923, "percent_covered_display": "92", "missing_lines": 1, "excluded_lines": 0, "percent_statements_covered": 92.3076923076923, "percent_statements_covered_display": "92"}, "missing_lines": [72], "excluded_lines": [], "start_line": 1}}, "classes": {"": {"executed_lines": [7, 9, 10, 11, 13, 14, 15, 16, 18, 21, 22, 23, 25, 26, 27, 33, 36, 37, 38, 40, 42, 43, 44, 45, 46, 47, 48, 49, 51, 52, 53, 54, 56, 58, 66, 71], "summary": {"covered_lines": 36, "num_statements": 39, "percent_covered": 92.3076923076923, "percent_covered_display": "92", "missing_lines": 3, "excluded_lines": 0, "percent_statements_covered": 92.3076923076923, "percent_statements_covered_display": "92"}, "missing_lines": [59, 68, 72], "excluded_lines": [], "start_line": 1}}}, "src/migration_factory/compliance/__init__.py": {"executed_lines": [], "summary": {"covered_lines": 0, "num_statements": 0, "percent_covered": 100.0, "percent_covered_display": "100", "missing_lines": 0, "excluded_lines": 0, "percent_statements_covered": 100.0, "percent_statements_covered_display": "100"}, "missing_lines": [], "excluded_lines": [], "functions": {"": {"executed_lines": [], "summary": {"covered_lines": 0, "num_statements": 0, "percent_covered": 100.0, "percent_covered_display": "100", "missing_lines": 0, "excluded_lines": 0, "percent_statements_covered": 100.0, "percent_statements_covered_display": "100"}, "missing_lines": [], "excluded_lines": [], "start_line": 1}}, "classes": {"": {"executed_lines": [], "summary": {"covered_lines": 0, "num_statements": 0, "percent_covered": 100.0, "percent_covered_display": "100", "missing_lines": 0, "excluded_lines": 0, "percent_statements_covered": 100.0, "percent_statements_covered_display": "100"}, "missing_lines": [], "excluded_lines": [], "start_line": 1}}}, "src/migration_factory/compliance/engine.py": {"executed_lines": [14, 16, 18, 20, 21, 22, 23, 25, 27, 30, 31, 33, 34, 35, 36, 37, 38, 39, 40, 43, 44, 46, 47, 48, 49, 50, 52, 53, 57, 58, 59, 60, 61, 63, 64, 66, 68, 69, 70, 83, 84, 85, 86, 87, 88, 90, 92, 104, 108, 109, 111, 112, 114, 122, 128], "summary": {"covered_lines": 55, "num_statements": 58, "percent_covered": 94.82758620689656, "percent_covered_display": "95", "missing_lines": 3, "excluded_lines": 0, "percent_statements_covered": 94.82758620689656, "percent_statements_covered_display": "95"}, "missing_lines": [54, 71, 81], "excluded_lines": [], "functions": {"ComplianceReport.summary": {"executed_lines": [], "summary": {"covered_lines": 0, "num_statements": 1, "percent_covered": 0.0, "percent_covered_display": "0", "missing_lines": 1, "excluded_lines": 0, "percent_statements_covered": 0.0, "percent_statements_covered_display": "0"}, "missing_lines": [54], "excluded_lines": [], "start_line": 53}, "ComplianceEngine.evaluate": {"executed_lines": [64, 66, 68, 69, 70, 83, 84, 85, 86, 87, 88, 90, 92, 104, 108, 109, 111, 112, 114, 122, 128], "summary": {"covered_lines": 21, "num_statements": 23, "percent_covered": 91.30434782608695, "percent_covered_display": "91", "missing_lines": 2, "excluded_lines": 0, "percent_statements_covered": 91.30434782608695, "percent_statements_covered_display": "91"}, "missing_lines": [71, 81], "excluded_lines": [], "start_line": 63}, "": {"executed_lines": [14, 16, 18, 20, 21, 22, 23, 25, 27, 30, 31, 33, 34, 35, 36, 37, 38, 39, 40, 43, 44, 46, 47, 48, 49, 50, 52, 53, 57, 58, 59, 60, 61, 63], "summary": {"covered_lines": 34, "num_statements": 34, "percent_covered": 100.0, "percent_covered_display": "100", "missing_lines": 0, "excluded_lines": 0, "percent_statements_covered": 100.0, "percent_statements_covered_display": "100"}, "missing_lines": [], "excluded_lines": [], "start_line": 1}}, "classes": {"FrameworkResult": {"executed_lines": [], "summary": {"covered_lines": 0, "num_statements": 0, "percent_covered": 100.0, "percent_covered_display": "100", "missing_lines": 0, "excluded_lines": 0, "percent_statements_covered": 100.0, "percent_statements_covered_display": "100"}, "missing_lines": [], "excluded_lines": [], "start_line": 30}, "ComplianceReport": {"executed_lines": [], "summary": {"covered_lines": 0, "num_statements": 1, "percent_covered": 0.0, "percent_covered_display": "0", "missing_lines": 1, "excluded_lines": 0, "percent_statements_covered": 0.0, "percent_statements_covered_display": "0"}, "missing_lines": [54], "excluded_lines": [], "start_line": 43}, "ComplianceEngine": {"executed_lines": [64, 66, 68, 69, 70, 83, 84, 85, 86, 87, 88, 90, 92, 104, 108, 109, 111, 112, 114, 122, 128], "summary": {"covered_lines": 21, "num_statements": 23, "percent_covered": 91.30434782608695, "percent_covered_display": "91", "missing_lines": 2, "excluded_lines": 0, "percent_statements_covered": 91.30434782608695, "percent_statements_covered_display": "91"}, "missing_lines": [71, 81], "excluded_lines": [], "start_line": 58}, "": {"executed_lines": [14, 16, 18, 20, 21, 22, 23, 25, 27, 30, 31, 33, 34, 35, 36, 37, 38, 39, 40, 43, 44, 46, 47, 48, 49, 50, 52, 53, 57, 58, 59, 60, 61, 63], "summary": {"covered_lines": 34, "num_statements": 34, "percent_covered": 100.0, "percent_covered_display": "100", "missing_lines": 0, "excluded_lines": 0, "percent_statements_covered": 100.0, "percent_statements_covered_display": "100"}, "missing_lines": [], "excluded_lines": [], "start_line": 1}}}, "src/migration_factory/core/__init__.py": {"executed_lines": [], "summary": {"covered_lines": 0, "num_statements": 0, "percent_covered": 100.0, "percent_covered_display": "100", "missing_lines": 0, "excluded_lines": 0, "percent_statements_covered": 100.0, "percent_statements_covered_display": "100"}, "missing_lines": [], "excluded_lines": [], "functions": {"": {"executed_lines": [], "summary": {"covered_lines": 0, "num_statements": 0, "percent_covered": 100.0, "percent_covered_display": "100", "missing_lines": 0, "excluded_lines": 0, "percent_statements_covered": 100.0, "percent_statements_covered_display": "100"}, "missing_lines": [], "excluded_lines": [], "start_line": 1}}, "classes": {"": {"executed_lines": [], "summary": {"covered_lines": 0, "num_statements": 0, "percent_covered": 100.0, "percent_covered_display": "100", "missing_lines": 0, "excluded_lines": 0, "percent_statements_covered": 100.0, "percent_statements_covered_display": "100"}, "missing_lines": [], "excluded_lines": [], "start_line": 1}}}, "src/migration_factory/core/config.py": {"executed_lines": [13, 15, 16, 18, 19, 22, 23, 24, 25, 28, 29, 30, 33, 34, 36, 37, 38, 40, 41, 42, 43, 44, 45, 46, 47, 50, 51, 53, 54, 55, 64, 65, 67, 68, 79, 84, 92, 93, 94, 96, 97, 98, 100, 101, 102, 105, 108, 117, 118, 119], "summary": {"covered_lines": 50, "num_statements": 50, "percent_covered": 100.0, "percent_covered_display": "100", "missing_lines": 0, "excluded_lines": 0, "percent_statements_covered": 100.0, "percent_statements_covered_display": "100"}, "missing_lines": [], "excluded_lines": [], "functions": {"LoggingSettings._validate_level": {"executed_lines": [43, 44, 45, 46, 47], "summary": {"covered_lines": 5, "num_statements": 5, "percent_covered": 100.0, "percent_covered_display": "100", "missing_lines": 0, "excluded_lines": 0, "percent_statements_covered": 100.0, "percent_statements_covered_display": "100"}, "missing_lines": [], "excluded_lines": [], "start_line": 42}, "Settings.is_production": {"executed_lines": [102], "summary": {"covered_lines": 1, "num_statements": 1, "percent_covered": 100.0, "percent_covered_display": "100", "missing_lines": 0, "excluded_lines": 0, "percent_statements_covered": 100.0, "percent_statements_covered_display": "100"}, "missing_lines": [], "excluded_lines": [], "start_line": 101}, "get_settings": {"executed_lines": [117, 118, 119], "summary": {"covered_lines": 3, "num_statements": 3, "percent_covered": 100.0, "percent_covered_display": "100", "missing_lines": 0, "excluded_lines": 0, "percent_statements_covered": 100.0, "percent_statements_covered_display": "100"}, "missing_lines": [], "excluded_lines": [], "start_line": 108}, "": {"executed_lines": [13, 15, 16, 18, 19, 22, 23, 24, 25, 28, 29, 30, 33, 34, 36, 37, 38, 40, 41, 42, 50, 51, 53, 54, 55, 64, 65, 67, 68, 79, 84, 92, 93, 94, 96, 97, 98, 100, 101, 105, 108], "summary": {"covered_lines": 41, "num_statements": 41, "percent_covered": 100.0, "percent_covered_display": "100", "missing_lines": 0, "excluded_lines": 0, "percent_statements_covered": 100.0, "percent_statements_covered_display": "100"}, "missing_lines": [], "excluded_lines": [], "start_line": 1}}, "classes": {"Environment": {"executed_lines": [], "summary": {"covered_lines": 0, "num_statements": 0, "percent_covered": 100.0, "percent_covered_display": "100", "missing_lines": 0, "excluded_lines": 0, "percent_statements_covered": 100.0, "percent_statements_covered_display": "100"}, "missing_lines": [], "excluded_lines": [], "start_line": 22}, "LogFormat": {"executed_lines": [], "summary": {"covered_lines": 0, "num_statements": 0, "percent_covered": 100.0, "percent_covered_display": "100", "missing_lines": 0, "excluded_lines": 0, "percent_statements_covered": 100.0, "percent_statements_covered_display": "100"}, "missing_lines": [], "excluded_lines": [], "start_line": 28}, "LoggingSettings": {"executed_lines": [43, 44, 45, 46, 47], "summary": {"covered_lines": 5, "num_statements": 5, "percent_covered": 100.0, "percent_covered_display": "100", "missing_lines": 0, "excluded_lines": 0, "percent_statements_covered": 100.0, "percent_statements_covered_display": "100"}, "missing_lines": [], "excluded_lines": [], "start_line": 33}, "PluginSettings": {"executed_lines": [], "summary": {"covered_lines": 0, "num_statements": 0, "percent_covered": 100.0, "percent_covered_display": "100", "missing_lines": 0, "excluded_lines": 0, "percent_statements_covered": 100.0, "percent_statements_covered_display": "100"}, "missing_lines": [], "excluded_lines": [], "start_line": 50}, "ParsingSettings": {"executed_lines": [], "summary": {"covered_lines": 0, "num_statements": 0, "percent_covered": 100.0, "percent_covered_display": "100", "missing_lines": 0, "excluded_lines": 0, "percent_statements_covered": 100.0, "percent_statements_covered_display": "100"}, "missing_lines": [], "excluded_lines": [], "start_line": 64}, "Settings": {"executed_lines": [102], "summary": {"covered_lines": 1, "num_statements": 1, "percent_covered": 100.0, "percent_covered_display": "100", "missing_lines": 0, "excluded_lines": 0, "percent_statements_covered": 100.0, "percent_statements_covered_display": "100"}, "missing_lines": [], "excluded_lines": [], "start_line": 79}, "": {"executed_lines": [13, 15, 16, 18, 19, 22, 23, 24, 25, 28, 29, 30, 33, 34, 36, 37, 38, 40, 41, 42, 50, 51, 53, 54, 55, 64, 65, 67, 68, 79, 84, 92, 93, 94, 96, 97, 98, 100, 101, 105, 108, 117, 118, 119], "summary": {"covered_lines": 44, "num_statements": 44, "percent_covered": 100.0, "percent_covered_display": "100", "missing_lines": 0, "excluded_lines": 0, "percent_statements_covered": 100.0, "percent_statements_covered_display": "100"}, "missing_lines": [], "excluded_lines": [], "start_line": 1}}}, "src/migration_factory/core/container.py": {"executed_lines": [21, 23, 24, 25, 27, 29, 32, 33, 34, 35, 36, 37, 40, 41, 42, 44, 45, 47, 48, 50, 51, 55, 56, 57, 58, 64, 65, 66, 67, 68, 69, 71, 72], "summary": {"covered_lines": 33, "num_statements": 33, "percent_covered": 100.0, "percent_covered_display": "100", "missing_lines": 0, "excluded_lines": 0, "percent_statements_covered": 100.0, "percent_statements_covered_display": "100"}, "missing_lines": [], "excluded_lines": [], "functions": {"Container.register_singleton": {"executed_lines": [45], "summary": {"covered_lines": 1, "num_statements": 1, "percent_covered": 100.0, "percent_covered_display": "100", "missing_lines": 0, "excluded_lines": 0, "percent_statements_covered": 100.0, "percent_statements_covered_display": "100"}, "missing_lines": [], "excluded_lines": [], "start_line": 44}, "Container.register_factory": {"executed_lines": [48], "summary": {"covered_lines": 1, "num_statements": 1, "percent_covered": 100.0, "percent_covered_display": "100", "missing_lines": 0, "excluded_lines": 0, "percent_statements_covered": 100.0, "percent_statements_covered_display": "100"}, "missing_lines": [], "excluded_lines": [], "start_line": 47}, "Container.register_instance": {"executed_lines": [51], "summary": {"covered_lines": 1, "num_statements": 1, "percent_covered": 100.0, "percent_covered_display": "100", "missing_lines": 0, "excluded_lines": 0, "percent_statements_covered": 100.0, "percent_statements_covered_display": "100"}, "missing_lines": [], "excluded_lines": [], "start_line": 50}, "Container.resolve": {"executed_lines": [56, 57, 58, 64, 65, 66, 67, 68, 69], "summary": {"covered_lines": 9, "num_statements": 9, "percent_covered": 100.0, "percent_covered_display": "100", "missing_lines": 0, "excluded_lines": 0, "percent_statements_covered": 100.0, "percent_statements_covered_display": "100"}, "missing_lines": [], "excluded_lines": [], "start_line": 55}, "Container.has": {"executed_lines": [72], "summary": {"covered_lines": 1, "num_statements": 1, "percent_covered": 100.0, "percent_covered_display": "100", "missing_lines": 0, "excluded_lines": 0, "percent_statements_covered": 100.0, "percent_statements_covered_display": "100"}, "missing_lines": [], "excluded_lines": [], "start_line": 71}, "": {"executed_lines": [21, 23, 24, 25, 27, 29, 32, 33, 34, 35, 36, 37, 40, 41, 42, 44, 47, 50, 55, 71], "summary": {"covered_lines": 20, "num_statements": 20, "percent_covered": 100.0, "percent_covered_display": "100", "missing_lines": 0, "excluded_lines": 0, "percent_statements_covered": 100.0, "percent_statements_covered_display": "100"}, "missing_lines": [], "excluded_lines": [], "start_line": 1}}, "classes": {"_Registration": {"executed_lines": [], "summary": {"covered_lines": 0, "num_statements": 0, "percent_covered": 100.0, "percent_covered_display": "100", "missing_lines": 0, "excluded_lines": 0, "percent_statements_covered": 100.0, "percent_statements_covered_display": "100"}, "missing_lines": [], "excluded_lines": [], "start_line": 33}, "Container": {"executed_lines": [45, 48, 51, 56, 57, 58, 64, 65, 66, 67, 68, 69, 72], "summary": {"covered_lines": 13, "num_statements": 13, "percent_covered": 100.0, "percent_covered_display": "100", "missing_lines": 0, "excluded_lines": 0, "percent_statements_covered": 100.0, "percent_statements_covered_display": "100"}, "missing_lines": [], "excluded_lines": [], "start_line": 41}, "": {"executed_lines": [21, 23, 24, 25, 27, 29, 32, 33, 34, 35, 36, 37, 40, 41, 42, 44, 47, 50, 55, 71], "summary": {"covered_lines": 20, "num_statements": 20, "percent_covered": 100.0, "percent_covered_display": "100", "missing_lines": 0, "excluded_lines": 0, "percent_statements_covered": 100.0, "percent_statements_covered_display": "100"}, "missing_lines": [], "excluded_lines": [], "start_line": 1}}}, "src/migration_factory/core/exceptions.py": {"executed_lines": [15, 17, 20, 30, 32, 40, 41, 42, 43, 44, 45, 47, 49, 56, 57, 58, 59, 60, 61, 62, 65, 68, 71, 74, 77, 85, 88, 96, 99, 104, 107, 110, 113, 116, 119, 125], "summary": {"covered_lines": 36, "num_statements": 36, "percent_covered": 100.0, "percent_covered_display": "100", "missing_lines": 0, "excluded_lines": 0, "percent_statements_covered": 100.0, "percent_statements_covered_display": "100"}, "missing_lines": [], "excluded_lines": [], "functions": {"MigrationFactoryError.__init__": {"executed_lines": [40, 41, 42, 43, 44, 45], "summary": {"covered_lines": 6, "num_statements": 6, "percent_covered": 100.0, "percent_covered_display": "100", "missing_lines": 0, "excluded_lines": 0, "percent_statements_covered": 100.0, "percent_statements_covered_display": "100"}, "missing_lines": [], "excluded_lines": [], "start_line": 32}, "MigrationFactoryError.to_dict": {"executed_lines": [49], "summary": {"covered_lines": 1, "num_statements": 1, "percent_covered": 100.0, "percent_covered_display": "100", "missing_lines": 0, "excluded_lines": 0, "percent_statements_covered": 100.0, "percent_statements_covered_display": "100"}, "missing_lines": [], "excluded_lines": [], "start_line": 47}, "MigrationFactoryError.__str__": {"executed_lines": [57, 58, 59, 60, 61, 62], "summary": {"covered_lines": 6, "num_statements": 6, "percent_covered": 100.0, "percent_covered_display": "100", "missing_lines": 0, "excluded_lines": 0, "percent_statements_covered": 100.0, "percent_statements_covered_display": "100"}, "missing_lines": [], "excluded_lines": [], "start_line": 56}, "": {"executed_lines": [15, 17, 20, 30, 32, 47, 56, 65, 68, 71, 74, 77, 85, 88, 96, 99, 104, 107, 110, 113, 116, 119, 125], "summary": {"covered_lines": 23, "num_statements": 23, "percent_covered": 100.0, "percent_covered_display": "100", "missing_lines": 0, "excluded_lines": 0, "percent_statements_covered": 100.0, "percent_statements_covered_display": "100"}, "missing_lines": [], "excluded_lines": [], "start_line": 1}}, "classes": {"MigrationFactoryError": {"executed_lines": [40, 41, 42, 43, 44, 45, 49, 57, 58, 59, 60, 61, 62], "summary": {"covered_lines": 13, "num_statements": 13, "percent_covered": 100.0, "percent_covered_display": "100", "missing_lines": 0, "excluded_lines": 0, "percent_statements_covered": 100.0, "percent_statements_covered_display": "100"}, "missing_lines": [], "excluded_lines": [], "start_line": 20}, "ConfigurationError": {"executed_lines": [], "summary": {"covered_lines": 0, "num_statements": 0, "percent_covered": 100.0, "percent_covered_display": "100", "missing_lines": 0, "excluded_lines": 0, "percent_statements_covered": 100.0, "percent_statements_covered_display": "100"}, "missing_lines": [], "excluded_lines": [], "start_line": 65}, "PluginError": {"executed_lines": [], "summary": {"covered_lines": 0, "num_statements": 0, "percent_covered": 100.0, "percent_covered_display": "100", "missing_lines": 0, "excluded_lines": 0, "percent_statements_covered": 100.0, "percent_statements_covered_display": "100"}, "missing_lines": [], "excluded_lines": [], "start_line": 71}, "ParserError": {"executed_lines": [], "summary": {"covered_lines": 0, "num_statements": 0, "percent_covered": 100.0, "percent_covered_display": "100", "missing_lines": 0, "excluded_lines": 0, "percent_statements_covered": 100.0, "percent_statements_covered_display": "100"}, "missing_lines": [], "excluded_lines": [], "start_line": 77}, "UnsupportedResourceError": {"executed_lines": [], "summary": {"covered_lines": 0, "num_statements": 0, "percent_covered": 100.0, "percent_covered_display": "100", "missing_lines": 0, "excluded_lines": 0, "percent_statements_covered": 100.0, "percent_statements_covered_display": "100"}, "missing_lines": [], "excluded_lines": [], "start_line": 88}, "MappingError": {"executed_lines": [], "summary": {"covered_lines": 0, "num_statements": 0, "percent_covered": 100.0, "percent_covered_display": "100", "missing_lines": 0, "excluded_lines": 0, "percent_statements_covered": 100.0, "percent_statements_covered_display": "100"}, "missing_lines": [], "excluded_lines": [], "start_line": 99}, "DependencyGraphError": {"executed_lines": [], "summary": {"covered_lines": 0, "num_statements": 0, "percent_covered": 100.0, "percent_covered_display": "100", "missing_lines": 0, "excluded_lines": 0, "percent_statements_covered": 100.0, "percent_statements_covered_display": "100"}, "missing_lines": [], "excluded_lines": [], "start_line": 107}, "ValidationError": {"executed_lines": [], "summary": {"covered_lines": 0, "num_statements": 0, "percent_covered": 100.0, "percent_covered_display": "100", "missing_lines": 0, "excluded_lines": 0, "percent_statements_covered": 100.0, "percent_statements_covered_display": "100"}, "missing_lines": [], "excluded_lines": [], "start_line": 113}, "TranslationError": {"executed_lines": [], "summary": {"covered_lines": 0, "num_statements": 0, "percent_covered": 100.0, "percent_covered_display": "100", "missing_lines": 0, "excluded_lines": 0, "percent_statements_covered": 100.0, "percent_statements_covered_display": "100"}, "missing_lines": [], "excluded_lines": [], "start_line": 119}, "": {"executed_lines": [15, 17, 20, 30, 32, 47, 56, 65, 68, 71, 74, 77, 85, 88, 96, 99, 104, 107, 110, 113, 116, 119, 125], "summary": {"covered_lines": 23, "num_statements": 23, "percent_covered": 100.0, "percent_covered_display": "100", "missing_lines": 0, "excluded_lines": 0, "percent_statements_covered": 100.0, "percent_statements_covered_display": "100"}, "missing_lines": [], "excluded_lines": [], "start_line": 1}}}, "src/migration_factory/core/logging.py": {"executed_lines": [10, 12, 13, 14, 15, 16, 17, 18, 20, 22, 24, 27, 32, 35, 36, 37, 38, 39, 40, 41, 44, 52, 59, 69, 75, 86, 87, 90, 91, 101, 102, 104, 105, 106, 107, 109, 110], "summary": {"covered_lines": 37, "num_statements": 37, "percent_covered": 100.0, "percent_covered_display": "100", "missing_lines": 0, "excluded_lines": 0, "percent_statements_covered": 100.0, "percent_statements_covered_display": "100"}, "missing_lines": [], "excluded_lines": [], "functions": {"_inject_context_ids": {"executed_lines": [35, 36, 37, 38, 39, 40, 41], "summary": {"covered_lines": 7, "num_statements": 7, "percent_covered": 100.0, "percent_covered_display": "100", "missing_lines": 0, "excluded_lines": 0, "percent_statements_covered": 100.0, "percent_statements_covered_display": "100"}, "missing_lines": [], "excluded_lines": [], "start_line": 32}, "configure_logging": {"executed_lines": [52, 59, 69, 75], "summary": {"covered_lines": 4, "num_statements": 4, "percent_covered": 100.0, "percent_covered_display": "100", "missing_lines": 0, "excluded_lines": 0, "percent_statements_covered": 100.0, "percent_statements_covered_display": "100"}, "missing_lines": [], "excluded_lines": [], "start_line": 44}, "get_logger": {"executed_lines": [87], "summary": {"covered_lines": 1, "num_statements": 1, "percent_covered": 100.0, "percent_covered_display": "100", "missing_lines": 0, "excluded_lines": 0, "percent_statements_covered": 100.0, "percent_statements_covered_display": "100"}, "missing_lines": [], "excluded_lines": [], "start_line": 86}, "execution_context": {"executed_lines": [101, 102, 104, 105, 106, 107, 109, 110], "summary": {"covered_lines": 8, "num_statements": 8, "percent_covered": 100.0, "percent_covered_display": "100", "missing_lines": 0, "excluded_lines": 0, "percent_statements_covered": 100.0, "percent_statements_covered_display": "100"}, "missing_lines": [], "excluded_lines": [], "start_line": 91}, "": {"executed_lines": [10, 12, 13, 14, 15, 16, 17, 18, 20, 22, 24, 27, 32, 44, 86, 90, 91], "summary": {"covered_lines": 17, "num_statements": 17, "percent_covered": 100.0, "percent_covered_display": "100", "missing_lines": 0, "excluded_lines": 0, "percent_statements_covered": 100.0, "percent_statements_covered_display": "100"}, "missing_lines": [], "excluded_lines": [], "start_line": 1}}, "classes": {"": {"executed_lines": [10, 12, 13, 14, 15, 16, 17, 18, 20, 22, 24, 27, 32, 35, 36, 37, 38, 39, 40, 41, 44, 52, 59, 69, 75, 86, 87, 90, 91, 101, 102, 104, 105, 106, 107, 109, 110], "summary": {"covered_lines": 37, "num_statements": 37, "percent_covered": 100.0, "percent_covered_display": "100", "missing_lines": 0, "excluded_lines": 0, "percent_statements_covered": 100.0, "percent_statements_covered_display": "100"}, "missing_lines": [], "excluded_lines": [], "start_line": 1}}}, "src/migration_factory/core/plugin_manager.py": {"executed_lines": [13, 15, 16, 17, 19, 20, 22, 24, 27, 28, 29, 30, 31, 34, 35, 45, 46, 47, 48, 50, 58, 59, 61, 62, 63, 82, 85, 87, 98], "summary": {"covered_lines": 29, "num_statements": 40, "percent_covered": 72.5, "percent_covered_display": "72", "missing_lines": 11, "excluded_lines": 0, "percent_statements_covered": 72.5, "percent_statements_covered_display": "72"}, "missing_lines": [64, 65, 66, 72, 73, 80, 88, 89, 90, 91, 99], "excluded_lines": [], "functions": {"PluginManager.load": {"executed_lines": [58, 59, 61, 62, 63, 82, 85], "summary": {"covered_lines": 7, "num_statements": 13, "percent_covered": 53.84615384615385, "percent_covered_display": "54", "missing_lines": 6, "excluded_lines": 0, "percent_statements_covered": 53.84615384615385, "percent_statements_covered_display": "54"}, "missing_lines": [64, 65, 66, 72, 73, 80], "excluded_lines": [], "start_line": 50}, "PluginManager.get": {"executed_lines": [], "summary": {"covered_lines": 0, "num_statements": 4, "percent_covered": 0.0, "percent_covered_display": "0", "missing_lines": 4, "excluded_lines": 0, "percent_statements_covered": 0.0, "percent_statements_covered_display": "0"}, "missing_lines": [88, 89, 90, 91], "excluded_lines": [], "start_line": 87}, "PluginManager.all_classes": {"executed_lines": [], "summary": {"covered_lines": 0, "num_statements": 1, "percent_covered": 0.0, "percent_covered_display": "0", "missing_lines": 1, "excluded_lines": 0, "percent_statements_covered": 0.0, "percent_statements_covered_display": "0"}, "missing_lines": [99], "excluded_lines": [], "start_line": 98}, "": {"executed_lines": [13, 15, 16, 17, 19, 20, 22, 24, 27, 28, 29, 30, 31, 34, 35, 45, 46, 47, 48, 50, 87, 98], "summary": {"covered_lines": 22, "num_statements": 22, "percent_covered": 100.0, "percent_covered_display": "100", "missing_lines": 0, "excluded_lines": 0, "percent_statements_covered": 100.0, "percent_statements_covered_display": "100"}, "missing_lines": [], "excluded_lines": [], "start_line": 1}}, "classes": {"LoadedPlugin": {"executed_lines": [], "summary": {"covered_lines": 0, "num_statements": 0, "percent_covered": 100.0, "percent_covered_display": "100", "missing_lines": 0, "excluded_lines": 0, "percent_statements_covered": 100.0, "percent_statements_covered_display": "100"}, "missing_lines": [], "excluded_lines": [], "start_line": 28}, "PluginManager": {"executed_lines": [58, 59, 61, 62, 63, 82, 85], "summary": {"covered_lines": 7, "num_statements": 18, "percent_covered": 38.888888888888886, "percent_covered_display": "39", "missing_lines": 11, "excluded_lines": 0, "percent_statements_covered": 38.888888888888886, "percent_statements_covered_display": "39"}, "missing_lines": [64, 65, 66, 72, 73, 80, 88, 89, 90, 91, 99], "excluded_lines": [], "start_line": 35}, "": {"executed_lines": [13, 15, 16, 17, 19, 20, 22, 24, 27, 28, 29, 30, 31, 34, 35, 45, 46, 47, 48, 50, 87, 98], "summary": {"covered_lines": 22, "num_statements": 22, "percent_covered": 100.0, "percent_covered_display": "100", "missing_lines": 0, "excluded_lines": 0, "percent_statements_covered": 100.0, "percent_statements_covered_display": "100"}, "missing_lines": [], "excluded_lines": [], "start_line": 1}}}, "src/migration_factory/dependency/__init__.py": {"executed_lines": [], "summary": {"covered_lines": 0, "num_statements": 0, "percent_covered": 100.0, "percent_covered_display": "100", "missing_lines": 0, "excluded_lines": 0, "percent_statements_covered": 100.0, "percent_statements_covered_display": "100"}, "missing_lines": [], "excluded_lines": [], "functions": {"": {"executed_lines": [], "summary": {"covered_lines": 0, "num_statements": 0, "percent_covered": 100.0, "percent_covered_display": "100", "missing_lines": 0, "excluded_lines": 0, "percent_statements_covered": 100.0, "percent_statements_covered_display": "100"}, "missing_lines": [], "excluded_lines": [], "start_line": 1}}, "classes": {"": {"executed_lines": [], "summary": {"covered_lines": 0, "num_statements": 0, "percent_covered": 100.0, "percent_covered_display": "100", "missing_lines": 0, "excluded_lines": 0, "percent_statements_covered": 100.0, "percent_statements_covered_display": "100"}, "missing_lines": [], "excluded_lines": [], "start_line": 1}}}, "src/migration_factory/dependency/app_graph.py": {"executed_lines": [20, 22, 23, 25, 27, 28, 29, 31, 34, 35, 36, 37, 38, 39, 40, 41, 42, 45, 46, 47, 48, 49, 50, 51, 52, 53, 56, 57, 58, 59, 60, 61, 62, 63, 66, 67, 68, 69, 70, 72, 73, 75, 78, 80, 81, 85, 86, 87, 88, 91, 92, 93, 94, 100, 101, 103, 106, 117, 118, 121, 123, 124, 126, 127, 135, 136, 138, 141, 142, 143, 144, 145, 146, 148, 158, 161, 162, 163, 164, 167, 168, 169, 170, 173, 174, 177, 178, 179, 195, 196, 197, 198, 200, 201, 211, 223, 224, 225, 226, 227, 228, 229, 231, 233, 239, 241, 242, 248, 249, 252, 253, 254, 256, 257, 259, 260, 261, 263, 264, 269, 277, 278], "summary": {"covered_lines": 122, "num_statements": 156, "percent_covered": 78.2051282051282, "percent_covered_display": "78", "missing_lines": 34, "excluded_lines": 0, "percent_statements_covered": 78.2051282051282, "percent_statements_covered_display": "78"}, "missing_lines": [76, 82, 83, 89, 95, 96, 97, 102, 171, 180, 181, 212, 266, 284, 285, 287, 288, 291, 292, 293, 294, 295, 296, 298, 299, 301, 302, 303, 304, 305, 306, 308, 309, 319], "excluded_lines": [], "functions": {"AppDependencyGraph.get_dependencies_of": {"executed_lines": [73], "summary": {"covered_lines": 1, "num_statements": 1, "percent_covered": 100.0, "percent_covered_display": "100", "missing_lines": 0, "excluded_lines": 0, "percent_statements_covered": 100.0, "percent_statements_covered_display": "100"}, "missing_lines": [], "excluded_lines": [], "start_line": 72}, "AppDependencyGraph.get_dependents_of": {"executed_lines": [], "summary": {"covered_lines": 0, "num_statements": 1, "percent_covered": 0.0, "percent_covered_display": "0", "missing_lines": 1, "excluded_lines": 0, "percent_statements_covered": 0.0, "percent_statements_covered_display": "0"}, "missing_lines": [76], "excluded_lines": [], "start_line": 75}, "AppDependencyGraph.migration_order": {"executed_lines": [80, 81, 85, 86, 87, 88, 91, 92, 93, 94, 100, 101, 103], "summary": {"covered_lines": 13, "num_statements": 20, "percent_covered": 65.0, "percent_covered_display": "65", "missing_lines": 7, "excluded_lines": 0, "percent_statements_covered": 65.0, "percent_statements_covered_display": "65"}, "missing_lines": [82, 83, 89, 95, 96, 97, 102], "excluded_lines": [], "start_line": 78}, "AppDependencyGraphBuilder.build": {"executed_lines": [123, 124, 126, 127, 135, 136, 138, 141, 142, 143, 144, 145, 146, 148, 158, 161, 162, 163, 164, 167, 168, 169, 170, 173, 174, 177, 178, 179, 195, 196, 197, 198, 200, 201, 211, 223, 224, 225, 226, 227, 228, 229, 231, 233, 239], "summary": {"covered_lines": 45, "num_statements": 49, "percent_covered": 91.83673469387755, "percent_covered_display": "92", "missing_lines": 4, "excluded_lines": 0, "percent_statements_covered": 91.83673469387755, "percent_statements_covered_display": "92"}, "missing_lines": [171, 180, 181, 212], "excluded_lines": [], "start_line": 121}, "AppDependencyGraphBuilder._infer_app_from_name": {"executed_lines": [248, 249, 252, 253, 254, 256, 257, 259, 260, 261, 263, 264], "summary": {"covered_lines": 12, "num_statements": 13, "percent_covered": 92.3076923076923, "percent_covered_display": "92", "missing_lines": 1, "excluded_lines": 0, "percent_statements_covered": 92.3076923076923, "percent_statements_covered_display": "92"}, "missing_lines": [266], "excluded_lines": [], "start_line": 242}, "APMTraceIngester.from_otel_json": {"executed_lines": [], "summary": {"covered_lines": 0, "num_statements": 21, "percent_covered": 0.0, "percent_covered_display": "0", "missing_lines": 21, "excluded_lines": 0, "percent_statements_covered": 0.0, "percent_statements_covered_display": "0"}, "missing_lines": [284, 285, 287, 288, 291, 292, 293, 294, 295, 296, 298, 299, 301, 302, 303, 304, 305, 306, 308, 309, 319], "excluded_lines": [], "start_line": 278}, "": {"executed_lines": [20, 22, 23, 25, 27, 28, 29, 31, 34, 35, 36, 37, 38, 39, 40, 41, 42, 45, 46, 47, 48, 49, 50, 51, 52, 53, 56, 57, 58, 59, 60, 61, 62, 63, 66, 67, 68, 69, 70, 72, 75, 78, 106, 117, 118, 121, 241, 242, 269, 277, 278], "summary": {"covered_lines": 51, "num_statements": 51, "percent_covered": 100.0, "percent_covered_display": "100", "missing_lines": 0, "excluded_lines": 0, "percent_statements_covered": 100.0, "percent_statements_covered_display": "100"}, "missing_lines": [], "excluded_lines": [], "start_line": 1}}, "classes": {"AppDependencyType": {"executed_lines": [], "summary": {"covered_lines": 0, "num_statements": 0, "percent_covered": 100.0, "percent_covered_display": "100", "missing_lines": 0, "excluded_lines": 0, "percent_statements_covered": 100.0, "percent_statements_covered_display": "100"}, "missing_lines": [], "excluded_lines": [], "start_line": 34}, "AppDependencyEdge": {"executed_lines": [], "summary": {"covered_lines": 0, "num_statements": 0, "percent_covered": 100.0, "percent_covered_display": "100", "missing_lines": 0, "excluded_lines": 0, "percent_statements_covered": 100.0, "percent_statements_covered_display": "100"}, "missing_lines": [], "excluded_lines": [], "start_line": 45}, "AppNode": {"executed_lines": [], "summary": {"covered_lines": 0, "num_statements": 0, "percent_covered": 100.0, "percent_covered_display": "100", "missing_lines": 0, "excluded_lines": 0, "percent_statements_covered": 100.0, "percent_statements_covered_display": "100"}, "missing_lines": [], "excluded_lines": [], "start_line": 56}, "AppDependencyGraph": {"executed_lines": [73, 80, 81, 85, 86, 87, 88, 91, 92, 93, 94, 100, 101, 103], "summary": {"covered_lines": 14, "num_statements": 22, "percent_covered": 63.63636363636363, "percent_covered_display": "64", "missing_lines": 8, "excluded_lines": 0, "percent_statements_covered": 63.63636363636363, "percent_statements_covered_display": "64"}, "missing_lines": [76, 82, 83, 89, 95, 96, 97, 102], "excluded_lines": [], "start_line": 66}, "AppDependencyGraphBuilder": {"executed_lines": [123, 124, 126, 127, 135, 136, 138, 141, 142, 143, 144, 145, 146, 148, 158, 161, 162, 163, 164, 167, 168, 169, 170, 173, 174, 177, 178, 179, 195, 196, 197, 198, 200, 201, 211, 223, 224, 225, 226, 227, 228, 229, 231, 233, 239, 248, 249, 252, 253, 254, 256, 257, 259, 260, 261, 263, 264], "summary": {"covered_lines": 57, "num_statements": 62, "percent_covered": 91.93548387096774, "percent_covered_display": "92", "missing_lines": 5, "excluded_lines": 0, "percent_statements_covered": 91.93548387096774, "percent_statements_covered_display": "92"}, "missing_lines": [171, 180, 181, 212, 266], "excluded_lines": [], "start_line": 118}, "APMTraceIngester": {"executed_lines": [], "summary": {"covered_lines": 0, "num_statements": 21, "percent_covered": 0.0, "percent_covered_display": "0", "missing_lines": 21, "excluded_lines": 0, "percent_statements_covered": 0.0, "percent_statements_covered_display": "0"}, "missing_lines": [284, 285, 287, 288, 291, 292, 293, 294, 295, 296, 298, 299, 301, 302, 303, 304, 305, 306, 308, 309, 319], "excluded_lines": [], "start_line": 269}, "": {"executed_lines": [20, 22, 23, 25, 27, 28, 29, 31, 34, 35, 36, 37, 38, 39, 40, 41, 42, 45, 46, 47, 48, 49, 50, 51, 52, 53, 56, 57, 58, 59, 60, 61, 62, 63, 66, 67, 68, 69, 70, 72, 75, 78, 106, 117, 118, 121, 241, 242, 269, 277, 278], "summary": {"covered_lines": 51, "num_statements": 51, "percent_covered": 100.0, "percent_covered_display": "100", "missing_lines": 0, "excluded_lines": 0, "percent_statements_covered": 100.0, "percent_statements_covered_display": "100"}, "missing_lines": [], "excluded_lines": [], "start_line": 1}}}, "src/migration_factory/dependency/runtime_graph.py": {"executed_lines": [17, 19, 20, 22, 24, 25, 26, 28, 31, 32, 33, 34, 35, 36, 37, 38, 39, 42, 43, 44, 45, 46, 47, 48, 49, 50, 53, 54, 55, 56, 58, 59, 61, 64, 65, 66, 70, 86, 106, 107, 110, 111, 112, 115, 118, 121, 124, 127, 128, 129, 130, 131, 132, 133, 135, 137, 142, 144, 145, 147, 148, 150, 151, 152, 155, 156, 158, 159, 161, 162, 165, 166, 176, 178, 179, 181, 184, 185, 186, 187, 188, 191, 192, 198, 199, 200, 202, 203, 204, 205, 213, 215, 216, 218, 219, 224, 225, 226, 228, 231, 232, 233, 235, 236, 237, 238, 239, 241, 242, 250, 258, 260, 261, 263, 264, 266, 268, 269, 271, 272, 273, 274, 276, 278, 280, 283, 284, 286, 287, 288, 289, 293, 297, 298, 304], "summary": {"covered_lines": 135, "num_statements": 143, "percent_covered": 94.4055944055944, "percent_covered_display": "94", "missing_lines": 8, "excluded_lines": 0, "percent_statements_covered": 94.4055944055944, "percent_statements_covered_display": "94"}, "missing_lines": [62, 153, 157, 229, 275, 277, 279, 281], "excluded_lines": [], "functions": {"RuntimeDependencyGraph.callers_of": {"executed_lines": [59], "summary": {"covered_lines": 1, "num_statements": 1, "percent_covered": 100.0, "percent_covered_display": "100", "missing_lines": 0, "excluded_lines": 0, "percent_statements_covered": 100.0, "percent_statements_covered_display": "100"}, "missing_lines": [], "excluded_lines": [], "start_line": 58}, "RuntimeDependencyGraph.callees_of": {"executed_lines": [], "summary": {"covered_lines": 0, "num_statements": 1, "percent_covered": 0.0, "percent_covered_display": "0", "missing_lines": 1, "excluded_lines": 0, "percent_statements_covered": 0.0, "percent_statements_covered_display": "0"}, "missing_lines": [62], "excluded_lines": [], "start_line": 61}, "RuntimeDependencyGraph.high_confidence_edges": {"executed_lines": [66], "summary": {"covered_lines": 1, "num_statements": 1, "percent_covered": 100.0, "percent_covered_display": "100", "missing_lines": 0, "excluded_lines": 0, "percent_statements_covered": 100.0, "percent_statements_covered_display": "100"}, "missing_lines": [], "excluded_lines": [], "start_line": 65}, "RuntimeDependencyGraphBuilder.build": {"executed_lines": [111, 112, 115, 118, 121, 124, 127, 128, 129, 130, 131, 132, 133, 135, 137, 142], "su
[...]
sing_lines": [87], "excluded_lines": [], "start_line": 1}}}, "src/migration_factory/translation/models.py": {"executed_lines": [16, 18, 20, 22, 25, 28, 29, 30, 31, 34, 39, 41, 42, 43, 50, 51, 56, 60, 63, 67, 68, 69, 70, 72, 75, 80, 82, 83, 84, 85, 86, 87, 88, 89, 90, 93, 96, 98, 99, 100, 102, 105, 106, 107, 108, 109, 110], "summary": {"covered_lines": 47, "num_statements": 49, "percent_covered": 95.91836734693878, "percent_covered_display": "96", "missing_lines": 2, "excluded_lines": 0, "percent_statements_covered": 95.91836734693878, "percent_statements_covered_display": "96"}, "missing_lines": [71, 103], "excluded_lines": [], "functions": {"TranslationRule._rationale_not_placeholder": {"executed_lines": [70, 72], "summary": {"covered_lines": 2, "num_statements": 3, "percent_covered": 66.66666666666667, "percent_covered_display": "67", "missing_lines": 1, "excluded_lines": 0, "percent_statements_covered": 66.66666666666667, "percent_statements_covered_display": "67"}, "missing_lines": [71], "excluded_lines": [], "start_line": 69}, "TranslationReport.by_status": {"executed_lines": [], "summary": {"covered_lines": 0, "num_statements": 1, "percent_covered": 0.0, "percent_covered_display": "0", "missing_lines": 1, "excluded_lines": 0, "percent_statements_covered": 0.0, "percent_statements_covered_display": "0"}, "missing_lines": [103], "excluded_lines": [], "start_line": 102}, "TranslationReport.summary": {"executed_lines": [107, 108, 109, 110], "summary": {"covered_lines": 4, "num_statements": 4, "percent_covered": 100.0, "percent_covered_display": "100", "missing_lines": 0, "excluded_lines": 0, "percent_statements_covered": 100.0, "percent_statements_covered_display": "100"}, "missing_lines": [], "excluded_lines": [], "start_line": 106}, "": {"executed_lines": [16, 18, 20, 22, 25, 28, 29, 30, 31, 34, 39, 41, 42, 43, 50, 51, 56, 60, 63, 67, 68, 69, 75, 80, 82, 83, 84, 85, 86, 87, 88, 89, 90, 93, 96, 98, 99, 100, 102, 105, 106], "summary": {"covered_lines": 41, "num_statements": 41, "percent_covered": 100.0, "percent_covered_display": "100", "missing_lines": 0, "excluded_lines": 0, "percent_statements_covered": 100.0, "percent_statements_covered_display": "100"}, "missing_lines": [], "excluded_lines": [], "start_line": 1}}, "classes": {"SupportStatus": {"executed_lines": [], "summary": {"covered_lines": 0, "num_statements": 0, "percent_covered": 100.0, "percent_covered_display": "100", "missing_lines": 0, "excluded_lines": 0, "percent_statements_covered": 100.0, "percent_statements_covered_display": "100"}, "missing_lines": [], "excluded_lines": [], "start_line": 25}, "TranslationRule": {"executed_lines": [70, 72], "summary": {"covered_lines": 2, "num_statements": 3, "percent_covered": 66.66666666666667, "percent_covered_display": "67", "missing_lines": 1, "excluded_lines": 0, "percent_statements_covered": 66.66666666666667, "percent_statements_covered_display": "67"}, "missing_lines": [71], "excluded_lines": [], "start_line": 34}, "TranslationResult": {"executed_lines": [], "summary": {"covered_lines": 0, "num_statements": 0, "percent_covered": 100.0, "percent_covered_display": "100", "missing_lines": 0, "excluded_lines": 0, "percent_statements_covered": 100.0, "percent_statements_covered_display": "100"}, "missing_lines": [], "excluded_lines": [], "start_line": 75}, "TranslationReport": {"executed_lines": [107, 108, 109, 110], "summary": {"covered_lines": 4, "num_statements": 5, "percent_covered": 80.0, "percent_covered_display": "80", "missing_lines": 1, "excluded_lines": 0, "percent_statements_covered": 80.0, "percent_statements_covered_display": "80"}, "missing_lines": [103], "excluded_lines": [], "start_line": 93}, "": {"executed_lines": [16, 18, 20, 22, 25, 28, 29, 30, 31, 34, 39, 41, 42, 43, 50, 51, 56, 60, 63, 67, 68, 69, 75, 80, 82, 83, 84, 85, 86, 87, 88, 89, 90, 93, 96, 98, 99, 100, 102, 105, 106], "summary": {"covered_lines": 41, "num_statements": 41, "percent_covered": 100.0, "percent_covered_display": "100", "missing_lines": 0, "excluded_lines": 0, "percent_statements_covered": 100.0, "percent_statements_covered_display": "100"}, "missing_lines": [], "excluded_lines": [], "start_line": 1}}}, "src/migration_factory/validation/__init__.py": {"executed_lines": [], "summary": {"covered_lines": 0, "num_statements": 0, "percent_covered": 100.0, "percent_covered_display": "100", "missing_lines": 0, "excluded_lines": 0, "percent_statements_covered": 100.0, "percent_statements_covered_display": "100"}, "missing_lines": [], "excluded_lines": [], "functions": {"": {"executed_lines": [], "summary": {"covered_lines": 0, "num_statements": 0, "percent_covered": 100.0, "percent_covered_display": "100", "missing_lines": 0, "excluded_lines": 0, "percent_statements_covered": 100.0, "percent_statements_covered_display": "100"}, "missing_lines": [], "excluded_lines": [], "start_line": 1}}, "classes": {"": {"executed_lines": [], "summary": {"covered_lines": 0, "num_statements": 0, "percent_covered": 100.0, "percent_covered_display": "100", "missing_lines": 0, "excluded_lines": 0, "percent_statements_covered": 100.0, "percent_statements_covered_display": "100"}, "missing_lines": [], "excluded_lines": [], "start_line": 1}}}, "src/migration_factory/validation/engine.py": {"executed_lines": [10, 12, 13, 14, 15, 17, 19, 20, 24, 26, 29, 30, 31, 32, 35, 36, 38, 39, 40, 41, 42, 43, 46, 47, 49, 51, 52, 53, 55, 56, 57, 59, 60, 61, 63, 64, 65, 66, 67, 68, 72, 75, 81, 89, 90, 92, 93, 95, 96, 97, 98, 99, 101, 102, 104, 106, 112, 114, 115, 116, 117, 119, 129, 139, 141, 142, 143, 144, 146, 147, 148, 149, 150, 152, 153, 161, 162, 171, 173, 174, 175, 176, 177, 178, 182, 191, 193, 194, 195, 198, 199, 200, 201, 211, 222, 224, 225, 226, 227, 228, 230, 234, 244, 245, 256, 258, 259, 260, 261, 263, 264, 265, 267, 268, 278], "summary": {"covered_lines": 115, "num_statements": 123, "percent_covered": 93.4959349593496, "percent_covered_display": "93", "missing_lines": 8, "excluded_lines": 0, "percent_statements_covered": 93.4959349593496, "percent_statements_covered_display": "93"}, "missing_lines": [120, 130, 183, 212, 213, 246, 247, 269], "excluded_lines": [], "functions": {"ValidationReport.errors": {"executed_lines": [53], "summary": {"covered_lines": 1, "num_statements": 1, "percent_covered": 100.0, "percent_covered_display": "100", "missing_lines": 0, "excluded_lines": 0, "percent_statements_covered": 100.0, "percent_statements_covered_display": "100"}, "missing_lines": [], "excluded_lines": [], "start_line": 52}, "ValidationReport.warnings": {"executed_lines": [57], "summary": {"covered_lines": 1, "num_statements": 1, "percent_covered": 100.0, "percent_covered_display": "100", "missing_lines": 0, "excluded_lines": 0, "percent_statements_covered": 100.0, "percent_statements_covered_display": "100"}, "missing_lines": [], "excluded_lines": [], "start_line": 56}, "ValidationReport.is_valid": {"executed_lines": [61], "summary": {"covered_lines": 1, "num_statements": 1, "percent_covered": 100.0, "percent_covered_display": "100", "missing_lines": 0, "excluded_lines": 0, "percent_statements_covered": 100.0, "percent_statements_covered_display": "100"}, "missing_lines": [], "excluded_lines": [], "start_line": 60}, "ValidationReport.summary": {"executed_lines": [65, 66, 67, 68], "summary": {"covered_lines": 4, "num_statements": 4, "percent_covered": 100.0, "percent_covered_display": "100", "missing_lines": 0, "excluded_lines": 0, "percent_statements_covered": 100.0, "percent_statements_covered_display": "100"}, "missing_lines": [], "excluded_lines": [], "start_line": 64}, "ValidationEngine.validate": {"executed_lines": [93, 95, 96, 97, 98, 99, 101, 102, 104, 106, 112], "summary": {"covered_lines": 11, "num_statements": 11, "percent_covered": 100.0, "percent_covered_display": "100", "missing_lines": 0, "excluded_lines": 0, "percent_statements_covered": 100.0, "percent_statements_covered_display": "100"}, "missing_lines": [], "excluded_lines": [], "start_line": 92}, "ValidationEngine._validate_naming": {"executed_lines": [116, 117, 119, 129, 139], "summary": {"covered_lines": 5, "num_statements": 7, "percent_covered": 71.42857142857143, "percent_covered_display": "71", "missing_lines": 2, "excluded_lines": 0, "percent_statements_covered": 71.42857142857143, "percent_statements_covered_display": "71"}, "missing_lines": [120, 130], "excluded_lines": [], "start_line": 115}, "ValidationEngine._validate_cidr": {"executed_lines": [143, 144, 146, 147, 148, 149, 150, 152, 153, 161, 162, 171], "summary": {"covered_lines": 12, "num_statements": 12, "percent_covered": 100.0, "percent_covered_display": "100", "missing_lines": 0, "excluded_lines": 0, "percent_statements_covered": 100.0, "percent_statements_covered_display": "100"}, "missing_lines": [], "excluded_lines": [], "start_line": 142}, "ValidationEngine._validate_region": {"executed_lines": [175, 176, 177, 178, 182, 191], "summary": {"covered_lines": 6, "num_statements": 7, "percent_covered": 85.71428571428571, "percent_covered_display": "86", "missing_lines": 1, "excluded_lines": 0, "percent_statements_covered": 85.71428571428571, "percent_statements_covered_display": "86"}, "missing_lines": [183], "excluded_lines": [], "start_line": 174}, "ValidationEngine._validate_configuration": {"executed_lines": [195, 198, 199, 200, 201, 211, 222], "summary": {"covered_lines": 7, "num_statements": 9, "percent_covered": 77.77777777777777, "percent_covered_display": "78", "missing_lines": 2, "excluded_lines": 0, "percent_statements_covered": 77.77777777777777, "percent_statements_covered_display": "78"}, "missing_lines": [212, 213], "excluded_lines": [], "start_line": 194}, "ValidationEngine._validate_dependencies": {"executed_lines": [226, 227, 228, 230, 234, 244, 245, 256], "summary": {"covered_lines": 8, "num_statements": 10, "percent_covered": 80.0, "percent_covered_display": "80", "missing_lines": 2, "excluded_lines": 0, "percent_statements_covered": 80.0, "percent_statements_covered_display": "80"}, "missing_lines": [246, 247], "excluded_lines": [], "start_line": 225}, "ValidationEngine._validate_duplicates": {"executed_lines": [260, 261, 263, 264, 265, 267, 268, 278], "summary": {"covered_lines": 8, "num_statements": 9, "percent_covered": 88.88888888888889, "percent_covered_display": "89", "missing_lines": 1, "excluded_lines": 0, "percent_statements_covered": 88.88888888888889, "percent_statements_covered_display": "89"}, "missing_lines": [269], "excluded_lines": [], "start_line": 259}, "": {"executed_lines": [10, 12, 13, 14, 15, 17, 19, 20, 24, 26, 29, 30, 31, 32, 35, 36, 38, 39, 40, 41, 42, 43, 46, 47, 49, 51, 52, 55, 56, 59, 60, 63, 64, 72, 75, 81, 89, 90, 92, 114, 115, 141, 142, 173, 174, 193, 194, 224, 225, 258, 259], "summary": {"covered_lines": 51, "num_statements": 51, "percent_covered": 100.0, "percent_covered_display": "100", "missing_lines": 0, "excluded_lines": 0, "percent_statements_covered": 100.0, "percent_statements_covered_display": "100"}, "missing_lines": [], "excluded_lines": [], "start_line": 1}}, "classes": {"ValidationSeverity": {"executed_lines": [], "summary": {"covered_lines": 0, "num_statements": 0, "percent_covered": 100.0, "percent_covered_display": "100", "missing_lines": 0, "excluded_lines": 0, "percent_statements_covered": 100.0, "percent_statements_covered_display": "100"}, "missing_lines": [], "excluded_lines": [], "start_line": 29}, "ValidationFinding": {"executed_lines": [], "summary": {"covered_lines": 0, "num_statements": 0, "percent_covered": 100.0, "percent_covered_display": "100", "missing_lines": 0, "excluded_lines": 0, "percent_statements_covered": 100.0, "percent_statements_covered_display": "100"}, "missing_lines": [], "excluded_lines": [], "start_line": 35}, "ValidationReport": {"executed_lines": [53, 57, 61, 65, 66, 67, 68], "summary": {"covered_lines": 7, "num_statements": 7, "percent_covered": 100.0, "percent_covered_display": "100", "missing_lines": 0, "excluded_lines": 0, "percent_statements_covered": 100.0, "percent_statements_covered_display": "100"}, "missing_lines": [], "excluded_lines": [], "start_line": 46}, "ValidationEngine": {"executed_lines": [93, 95, 96, 97, 98, 99, 101, 102, 104, 106, 112, 116, 117, 119, 129, 139, 143, 144, 146, 147, 148, 149, 150, 152, 153, 161, 162, 171, 175, 176, 177, 178, 182, 191, 195, 198, 199, 200, 201, 211, 222, 226, 227, 228, 230, 234, 244, 245, 256, 260, 261, 263, 264, 265, 267, 268, 278], "summary": {"covered_lines": 57, "num_statements": 65, "percent_covered": 87.6923076923077, "percent_covered_display": "88", "missing_lines": 8, "excluded_lines": 0, "percent_statements_covered": 87.6923076923077, "percent_statements_covered_display": "88"}, "missing_lines": [120, 130, 183, 212, 213, 246, 247, 269], "excluded_lines": [], "start_line": 90}, "": {"executed_lines": [10, 12, 13, 14, 15, 17, 19, 20, 24, 26, 29, 30, 31, 32, 35, 36, 38, 39, 40, 41, 42, 43, 46, 47, 49, 51, 52, 55, 56, 59, 60, 63, 64, 72, 75, 81, 89, 90, 92, 114, 115, 141, 142, 173, 174, 193, 194, 224, 225, 258, 259], "summary": {"covered_lines": 51, "num_statements": 51, "percent_covered": 100.0, "percent_covered_display": "100", "missing_lines": 0, "excluded_lines": 0, "percent_statements_covered": 100.0, "percent_statements_covered_display": "100"}, "missing_lines": [], "excluded_lines": [], "start_line": 1}}}, "src/migration_factory/workflow/__init__.py": {"executed_lines": [], "summary": {"covered_lines": 0, "num_statements": 0, "percent_covered": 100.0, "percent_covered_display": "100", "missing_lines": 0, "excluded_lines": 0, "percent_statements_covered": 100.0, "percent_statements_covered_display": "100"}, "missing_lines": [], "excluded_lines": [], "functions": {"": {"executed_lines": [], "summary": {"covered_lines": 0, "num_statements": 0, "percent_covered": 100.0, "percent_covered_display": "100", "missing_lines": 0, "excluded_lines": 0, "percent_statements_covered": 100.0, "percent_statements_covered_display": "100"}, "missing_lines": [], "excluded_lines": [], "start_line": 1}}, "classes": {"": {"executed_lines": [], "summary": {"covered_lines": 0, "num_statements": 0, "percent_covered": 100.0, "percent_covered_display": "100", "missing_lines": 0, "excluded_lines": 0, "percent_statements_covered": 100.0, "percent_statements_covered_display": "100"}, "missing_lines": [], "excluded_lines": [], "start_line": 1}}}, "src/migration_factory/workflow/engine.py": {"executed_lines": [9, 11, 12, 13, 14, 16, 18, 20, 23, 24, 25, 26, 27, 28, 31, 32, 33, 34, 35, 36, 37, 40, 41, 42, 43, 44, 45, 48, 49, 50, 51, 52, 53, 55, 56, 57, 59, 60, 61, 65, 70, 75, 82, 87, 92, 97, 102, 110, 113, 114, 117, 119, 120, 121, 123, 129, 130, 131, 132, 133, 135, 137, 139, 140, 141, 142, 144, 145, 146, 150, 152, 153, 154, 155, 156, 157, 158, 162, 163, 164, 165, 170, 171, 172, 173, 175, 177, 182, 184, 187, 194, 200, 201], "summary": {"covered_lines": 93, "num_statements": 93, "percent_covered": 100.0, "percent_covered_display": "100", "missing_lines": 0, "excluded_lines": 0, "percent_statements_covered": 100.0, "percent_statements_covered_display": "100"}, "missing_lines": [], "excluded_lines": [], "functions": {"WorkflowReport.completed_stages": {"executed_lines": [57], "summary": {"covered_lines": 1, "num_statements": 1, "percent_covered": 100.0, "percent_covered_display": "100", "missing_lines": 0, "excluded_lines": 0, "percent_statements_covered": 100.0, "percent_statements_covered_display": "100"}, "missing_lines": [], "excluded_lines": [], "start_line": 56}, "WorkflowReport.failed_stages": {"executed_lines": [61], "summary": {"covered_lines": 1, "num_statements": 1, "percent_covered": 100.0, "percent_covered_display": "100", "missing_lines": 0, "excluded_lines": 0, "percent_statements_covered": 100.0, "percent_statements_covered_display": "100"}, "missing_lines": [], "excluded_lines": [], "start_line": 60}, "WorkflowEngine.register_stage": {"executed_lines": [120, 121], "summary": {"covered_lines": 2, "num_statements": 2, "percent_covered": 100.0, "percent_covered_display": "100", "missing_lines": 0, "excluded_lines": 0, "percent_statements_covered": 100.0, "percent_statements_covered_display": "100"}, "missing_lines": [], "excluded_lines": [], "start_line": 119}, "WorkflowEngine.execute": {"executed_lines": [129, 130, 131, 132, 133, 135, 137, 139, 140, 141, 142, 144, 145, 146, 150, 152, 153, 154, 155, 156, 157, 158, 162, 163, 164, 165, 170, 171, 172, 173, 175, 177, 182, 184], "summary": {"covered_lines": 34, "num_statements": 34, "percent_covered": 100.0, "percent_covered_display": "100", "missing_lines": 0, "excluded_lines": 0, "percent_statements_covered": 100.0, "percent_statements_covered_display": "100"}, "missing_lines": [], "excluded_lines": [], "start_line": 123}, "": {"executed_lines": [9, 11, 12, 13, 14, 16, 18, 20, 23, 24, 25, 26, 27, 28, 31, 32, 33, 34, 35, 36, 37, 40, 41, 42, 43, 44, 45, 48, 49, 50, 51, 52, 53, 55, 56, 59, 60, 65, 70, 75, 82, 87, 92, 97, 102, 110, 113, 114, 117, 119, 123, 187, 194, 200, 201], "summary": {"covered_lines": 55, "num_statements": 55, "percent_covered": 100.0, "percent_covered_display": "100", "missing_lines": 0, "excluded_lines": 0, "percent_statements_covered": 100.0, "percent_statements_covered_display": "100"}, "missing_lines": [], "excluded_lines": [], "start_line": 1}}, "classes": {"StageStatus": {"executed_lines": [], "summary": {"covered_lines": 0, "num_statements": 0, "percent_covered": 100.0, "percent_covered_display": "100", "missing_lines": 0, "excluded_lines": 0, "percent_statements_covered": 100.0, "percent_statements_covered_display": "100"}, "missing_lines": [], "excluded_lines": [], "start_line": 23}, "StageResult": {"executed_lines": [], "summary": {"covered_lines": 0, "num_statements": 0, "percent_covered": 100.0, "percent_covered_display": "100", "missing_lines": 0, "excluded_lines": 0, "percent_statements_covered": 100.0, "percent_statements_covered_display": "100"}, "missing_lines": [], "excluded_lines": [], "start_line": 31}, "WorkflowDefinition": {"executed_lines": [], "summary": {"covered_lines": 0, "num_statements": 0, "percent_covered": 100.0, "percent_covered_display": "100", "missing_lines": 0, "excluded_lines": 0, "percent_statements_covered": 100.0, "percent_statements_covered_display": "100"}, "missing_lines": [], "excluded_lines": [], "start_line": 40}, "WorkflowReport": {"executed_lines": [57, 61], "summary": {"covered_lines": 2, "num_statements": 2, "percent_covered": 100.0, "percent_covered_display": "100", "missing_lines": 0, "excluded_lines": 0, "percent_statements_covered": 100.0, "percent_statements_covered_display": "100"}, "missing_lines": [], "excluded_lines": [], "start_line": 48}, "WorkflowEngine": {"executed_lines": [120, 121, 129, 130, 131, 132, 133, 135, 137, 139, 140, 141, 142, 144, 145, 146, 150, 152, 153, 154, 155, 156, 157, 158, 162, 163, 164, 165, 170, 171, 172, 173, 175, 177, 182, 184], "summary": {"covered_lines": 36, "num_statements": 36, "percent_covered": 100.0, "percent_covered_display": "100", "missing_lines": 0, "excluded_lines": 0, "percent_statements_covered": 100.0, "percent_statements_covered_display": "100"}, "missing_lines": [], "excluded_lines": [], "start_line": 114}, "": {"executed_lines": [9, 11, 12, 13, 14, 16, 18, 20, 23, 24, 25, 26, 27, 28, 31, 32, 33, 34, 35, 36, 37, 40, 41, 42, 43, 44, 45, 48, 49, 50, 51, 52, 53, 55, 56, 59, 60, 65, 70, 75, 82, 87, 92, 97, 102, 110, 113, 114, 117, 119, 123, 187, 194, 200, 201], "summary": {"covered_lines": 55, "num_statements": 55, "percent_covered": 100.0, "percent_covered_display": "100", "missing_lines": 0, "excluded_lines": 0, "percent_statements_covered": 100.0, "percent_statements_covered_display": "100"}, "missing_lines": [], "excluded_lines": [], "start_line": 1}}}}, "totals": {"covered_lines": 4413, "num_statements": 5328, "percent_covered": 82.82657657657657, "percent_covered_display": "83", "missing_lines": 915, "excluded_lines": 0, "percent_statements_covered": 82.82657657657657, "percent_statements_covered_display": "83"}}